2019-05-05 17:12:12,230 [main] INFO  [o.s.c.s.PostProcessorRegistrationDelegate$BeanPostProcessorChecker] PostProcessorRegistrationDelegate.java:330 - Bean 'org.springframework.cloud.autoconfigure.ConfigurationPropertiesRebinderAutoConfiguration' of type [org.springframework.cloud.autoconfigure.ConfigurationPropertiesRebinderAutoConfiguration$$EnhancerBySpringCGLIB$$5a3c4ca5] is not eligible for getting processed by all BeanPostProcessors (for example: not eligible for auto-proxying)
2019-05-05 17:12:12,778 [main] INFO  [cn.githink.eureka.DpEurekaApplication] SpringApplication.java:675 - No active profile set, falling back to default profiles: default
2019-05-05 17:12:13,329 [main] WARN  [o.springframework.boot.actuate.endpoint.EndpointId] EndpointId.java:135 - Endpoint ID 'service-registry' contains invalid characters, please migrate to a valid format.
2019-05-05 17:12:13,537 [main] INFO  [o.springframework.cloud.context.scope.GenericScope] GenericScope.java:295 - BeanFactory id=e75a6f8f-cacf-3e89-b880-9d3d63c76e78
2019-05-05 17:12:13,604 [main] INFO  [o.s.c.s.PostProcessorRegistrationDelegate$BeanPostProcessorChecker] PostProcessorRegistrationDelegate.java:330 - Bean 'org.springframework.cloud.autoconfigure.ConfigurationPropertiesRebinderAutoConfiguration' of type [org.springframework.cloud.autoconfigure.ConfigurationPropertiesRebinderAutoConfiguration$$EnhancerBySpringCGLIB$$5a3c4ca5] is not eligible for getting processed by all BeanPostProcessors (for example: not eligible for auto-proxying)
2019-05-05 17:12:13,757 [main] WARN  [io.undertow.websockets.jsr] Bootstrap.java:68 - UT026010: Buffer pool was not set on WebSocketDeploymentInfo, the default pool will be used
2019-05-05 17:12:13,777 [main] INFO  [io.undertow.servlet] ServletContextImpl.java:364 - Initializing Spring embedded WebApplicationContext
2019-05-05 17:12:13,778 [main] INFO  [org.springframework.web.context.ContextLoader] ServletWebServerApplicationContext.java:296 - Root WebApplicationContext: initialization completed in 992 ms
2019-05-05 17:12:13,845 [main] WARN  [com.netflix.config.sources.URLConfigurationSource] URLConfigurationSource.java:121 - No URLs will be polled as dynamic configuration sources.
2019-05-05 17:12:13,846 [main] INFO  [com.netflix.config.sources.URLConfigurationSource] URLConfigurationSource.java:122 - To enable URLs as dynamic configuration sources, define System property archaius.configurationSource.additionalUrls or make config.properties available on classpath.
2019-05-05 17:12:13,854 [main] INFO  [com.netflix.config.DynamicPropertyFactory] DynamicPropertyFactory.java:281 - DynamicPropertyFactory is initialized with configuration sources: com.netflix.config.ConcurrentCompositeConfiguration@1fb6b49
2019-05-05 17:12:14,818 [main] INFO  [o.s.b.a.endpoint.web.ServletEndpointRegistrar] ServletEndpointRegistrar.java:78 - Registered '/actuator/jolokia' to jolokia-actuator-endpoint
2019-05-05 17:12:14,999 [main] INFO  [o.s.security.web.DefaultSecurityFilterChain] DefaultSecurityFilterChain.java:43 - Creating filter chain: any request, [org.springframework.security.web.context.request.async.WebAsyncManagerIntegrationFilter@16ac396, org.springframework.security.web.context.SecurityContextPersistenceFilter@d3fafd, org.springframework.security.web.header.HeaderWriterFilter@b0d1fa, org.springframework.security.web.authentication.logout.LogoutFilter@b3a2f6, org.springframework.security.web.authentication.www.BasicAuthenticationFilter@b7d0ef, org.springframework.security.web.savedrequest.RequestCacheAwareFilter@1376883, org.springframework.security.web.servletapi.SecurityContextHolderAwareRequestFilter@46e39, org.springframework.security.web.authentication.AnonymousAuthenticationFilter@12af457, org.springframework.security.web.session.SessionManagementFilter@17536e0, org.springframework.security.web.access.ExceptionTranslationFilter@546734, org.springframework.security.web.access.intercept.FilterSecurityInterceptor@f85555]
2019-05-05 17:12:15,008 [main] WARN  [com.netflix.config.sources.URLConfigurationSource] URLConfigurationSource.java:121 - No URLs will be polled as dynamic configuration sources.
2019-05-05 17:12:15,009 [main] INFO  [com.netflix.config.sources.URLConfigurationSource] URLConfigurationSource.java:122 - To enable URLs as dynamic configuration sources, define System property archaius.configurationSource.additionalUrls or make config.properties available on classpath.
2019-05-05 17:12:15,125 [main] INFO  [o.s.scheduling.concurrent.ThreadPoolTaskExecutor] ExecutorConfigurationSupport.java:171 - Initializing ExecutorService 'applicationTaskExecutor'
2019-05-05 17:12:15,378 [main] INFO  [o.s.b.actuate.endpoint.web.EndpointLinksResolver] EndpointLinksResolver.java:59 - Exposing 20 endpoint(s) beneath base path '/actuator'
2019-05-05 17:12:16,019 [main] INFO  [o.s.cloud.netflix.eureka.InstanceInfoFactory] InstanceInfoFactory.java:72 - Setting initial instance status as: STARTING
2019-05-05 17:12:16,036 [main] INFO  [com.netflix.discovery.DiscoveryClient] DiscoveryClient.java:349 - Initializing Eureka in region us-east-1
2019-05-05 17:12:16,037 [main] INFO  [com.netflix.discovery.DiscoveryClient] DiscoveryClient.java:352 - Client configured to neither register nor query for data.
2019-05-05 17:12:16,042 [main] INFO  [com.netflix.discovery.DiscoveryClient] DiscoveryClient.java:365 - Discovery Client initialized at timestamp 1557047536041 with initial instances count: 0
2019-05-05 17:12:16,069 [main] INFO  [com.netflix.eureka.DefaultEurekaServerContext] DefaultEurekaServerContext.java:63 - Initializing ...
2019-05-05 17:12:16,071 [main] INFO  [com.netflix.eureka.cluster.PeerEurekaNodes] PeerEurekaNodes.java:188 - Adding new peer nodes [http://dolphin:dolphin@dp-eureka:8761/eureka/]
2019-05-05 17:12:16,445 [main] INFO  [c.n.discovery.provider.DiscoveryJerseyProvider] DiscoveryJerseyProvider.java:70 - Using JSON encoding codec LegacyJacksonJson
2019-05-05 17:12:16,446 [main] INFO  [c.n.discovery.provider.DiscoveryJerseyProvider] DiscoveryJerseyProvider.java:71 - Using JSON decoding codec LegacyJacksonJson
2019-05-05 17:12:16,446 [main] INFO  [c.n.discovery.provider.DiscoveryJerseyProvider] DiscoveryJerseyProvider.java:80 - Using XML encoding codec XStreamXml
2019-05-05 17:12:16,446 [main] INFO  [c.n.discovery.provider.DiscoveryJerseyProvider] DiscoveryJerseyProvider.java:81 - Using XML decoding codec XStreamXml
2019-05-05 17:12:16,590 [main] INFO  [com.netflix.eureka.cluster.PeerEurekaNodes] PeerEurekaNodes.java:110 - Replica node URL:  http://dolphin:dolphin@dp-eureka:8761/eureka/
2019-05-05 17:12:16,599 [main] INFO  [c.netflix.eureka.registry.AbstractInstanceRegistry] AbstractInstanceRegistry.java:151 - Finished initializing remote region registries. All known remote regions: []
2019-05-05 17:12:16,600 [main] INFO  [com.netflix.eureka.DefaultEurekaServerContext] DefaultEurekaServerContext.java:70 - Initialized
2019-05-05 17:12:16,661 [main] INFO  [o.s.c.n.e.serviceregistry.EurekaServiceRegistry] EurekaServiceRegistry.java:41 - Registering application DP-EUREKA with eureka with status UP
2019-05-05 17:12:16,663 [Thread-11] INFO  [o.s.c.netflix.eureka.server.EurekaServerBootstrap] EurekaServerBootstrap.java:110 - Setting the eureka configuration..
2019-05-05 17:12:16,664 [Thread-11] INFO  [o.s.c.netflix.eureka.server.EurekaServerBootstrap] EurekaServerBootstrap.java:115 - Eureka data center value eureka.datacenter is not set, defaulting to default
2019-05-05 17:12:16,664 [Thread-11] INFO  [o.s.c.netflix.eureka.server.EurekaServerBootstrap] EurekaServerBootstrap.java:129 - Eureka environment value eureka.environment is not set, defaulting to test
2019-05-05 17:12:16,676 [Thread-11] INFO  [o.s.c.netflix.eureka.server.EurekaServerBootstrap] EurekaServerBootstrap.java:188 - isAws returned false
2019-05-05 17:12:16,676 [Thread-11] INFO  [o.s.c.netflix.eureka.server.EurekaServerBootstrap] EurekaServerBootstrap.java:153 - Initialized server context
2019-05-05 17:12:16,676 [Thread-11] INFO  [c.n.eureka.registry.PeerAwareInstanceRegistryImpl] PeerAwareInstanceRegistryImpl.java:241 - Got 1 instances from neighboring DS node
2019-05-05 17:12:16,676 [Thread-11] INFO  [c.n.eureka.registry.PeerAwareInstanceRegistryImpl] PeerAwareInstanceRegistryImpl.java:242 - Renew threshold is: 1
2019-05-05 17:12:16,677 [Thread-11] INFO  [c.n.eureka.registry.PeerAwareInstanceRegistryImpl] PeerAwareInstanceRegistryImpl.java:253 - Changing status to UP
2019-05-05 17:12:16,682 [Thread-11] INFO  [o.s.c.n.e.s.EurekaServerInitializerConfiguration] EurekaServerInitializerConfiguration.java:74 - Started Eureka Server
2019-05-05 17:12:16,695 [main] INFO  [c.s.j.server.impl.application.WebApplicationImpl] WebApplicationImpl.java:815 - Initiating Jersey application, version 'Jersey: 1.19.1 03/11/2016 02:08 PM'
2019-05-05 17:12:16,723 [main] INFO  [c.n.discovery.provider.DiscoveryJerseyProvider] DiscoveryJerseyProvider.java:70 - Using JSON encoding codec LegacyJacksonJson
2019-05-05 17:12:16,724 [main] INFO  [c.n.discovery.provider.DiscoveryJerseyProvider] DiscoveryJerseyProvider.java:71 - Using JSON decoding codec LegacyJacksonJson
2019-05-05 17:12:16,724 [main] INFO  [c.n.discovery.provider.DiscoveryJerseyProvider] DiscoveryJerseyProvider.java:80 - Using XML encoding codec XStreamXml
2019-05-05 17:12:16,724 [main] INFO  [c.n.discovery.provider.DiscoveryJerseyProvider] DiscoveryJerseyProvider.java:81 - Using XML decoding codec XStreamXml
2019-05-05 17:12:16,906 [main] INFO  [org.xnio] Xnio.java:104 - XNIO version 3.3.8.Final
2019-05-05 17:12:16,913 [main] INFO  [org.xnio.nio] NioXnio.java:55 - XNIO NIO Implementation Version 3.3.8.Final
2019-05-05 17:12:16,952 [main] INFO  [o.s.b.w.embedded.undertow.UndertowServletWebServer] UndertowServletWebServer.java:148 - Undertow started on port(s) 8761 (http) with context path ''
2019-05-05 17:12:16,953 [main] INFO  [o.s.c.n.e.s.EurekaAutoServiceRegistration] EurekaAutoServiceRegistration.java:143 - Updating port to 8761
2019-05-05 17:12:16,954 [main] INFO  [cn.githink.eureka.DpEurekaApplication] StartupInfoLogger.java:59 - Started DpEurekaApplication in 5.822 seconds (JVM running for 6.63)
2019-05-05 17:12:20,677 [Eureka-EvictionTimer] INFO  [c.netflix.eureka.registry.AbstractInstanceRegistry] AbstractInstanceRegistry.java:1250 - Running the evict task with compensationTime 0ms
2019-05-05 17:12:24,677 [Eureka-EvictionTimer] INFO  [c.netflix.eureka.registry.AbstractInstanceRegistry] AbstractInstanceRegistry.java:1250 - Running the evict task with compensationTime 0ms
2019-05-05 17:12:28,678 [Eureka-EvictionTimer] INFO  [c.netflix.eureka.registry.AbstractInstanceRegistry] AbstractInstanceRegistry.java:1250 - Running the evict task with compensationTime 0ms
2019-05-05 17:12:32,679 [Eureka-EvictionTimer] INFO  [c.netflix.eureka.registry.AbstractInstanceRegistry] AbstractInstanceRegistry.java:1250 - Running the evict task with compensationTime 0ms
2019-05-05 17:12:36,680 [Eureka-EvictionTimer] INFO  [c.netflix.eureka.registry.AbstractInstanceRegistry] AbstractInstanceRegistry.java:1250 - Running the evict task with compensationTime 0ms
2019-05-05 17:12:40,681 [Eureka-EvictionTimer] INFO  [c.netflix.eureka.registry.AbstractInstanceRegistry] AbstractInstanceRegistry.java:1250 - Running the evict task with compensationTime 1ms
2019-05-05 17:12:44,681 [Eureka-EvictionTimer] INFO  [c.netflix.eureka.registry.AbstractInstanceRegistry] AbstractInstanceRegistry.java:1250 - Running the evict task with compensationTime 0ms
2019-05-05 17:12:48,681 [Eureka-EvictionTimer] INFO  [c.netflix.eureka.registry.AbstractInstanceRegistry] AbstractInstanceRegistry.java:1250 - Running the evict task with compensationTime 0ms
2019-05-05 17:12:52,681 [Eureka-EvictionTimer] INFO  [c.netflix.eureka.registry.AbstractInstanceRegistry] AbstractInstanceRegistry.java:1250 - Running the evict task with compensationTime 0ms
2019-05-05 17:12:56,681 [Eureka-EvictionTimer] INFO  [c.netflix.eureka.registry.AbstractInstanceRegistry] AbstractInstanceRegistry.java:1250 - Running the evict task with compensationTime 0ms
2019-05-05 17:13:00,681 [Eureka-EvictionTimer] INFO  [c.netflix.eureka.registry.AbstractInstanceRegistry] AbstractInstanceRegistry.java:1250 - Running the evict task with compensationTime 0ms
2019-05-05 17:13:04,681 [Eureka-EvictionTimer] INFO  [c.netflix.eureka.registry.AbstractInstanceRegistry] AbstractInstanceRegistry.java:1250 - Running the evict task with compensationTime 0ms
2019-05-05 17:13:08,681 [Eureka-EvictionTimer] INFO  [c.netflix.eureka.registry.AbstractInstanceRegistry] AbstractInstanceRegistry.java:1250 - Running the evict task with compensationTime 0ms
2019-05-05 17:13:12,681 [Eureka-EvictionTimer] INFO  [c.netflix.eureka.registry.AbstractInstanceRegistry] AbstractInstanceRegistry.java:1250 - Running the evict task with compensationTime 0ms
2019-05-05 17:13:16,682 [Eureka-EvictionTimer] INFO  [c.netflix.eureka.registry.AbstractInstanceRegistry] AbstractInstanceRegistry.java:1250 - Running the evict task with compensationTime 0ms
2019-05-05 17:13:20,683 [Eureka-EvictionTimer] INFO  [c.netflix.eureka.registry.AbstractInstanceRegistry] AbstractInstanceRegistry.java:1250 - Running the evict task with compensationTime 1ms
2019-05-05 17:13:24,683 [Eureka-EvictionTimer] INFO  [c.netflix.eureka.registry.AbstractInstanceRegistry] AbstractInstanceRegistry.java:1250 - Running the evict task with compensationTime 0ms
2019-05-05 17:13:28,683 [Eureka-EvictionTimer] INFO  [c.netflix.eureka.registry.AbstractInstanceRegistry] AbstractInstanceRegistry.java:1250 - Running the evict task with compensationTime 0ms
2019-05-05 17:13:32,683 [Eureka-EvictionTimer] INFO  [c.netflix.eureka.registry.AbstractInstanceRegistry] AbstractInstanceRegistry.java:1250 - Running the evict task with compensationTime 0ms
2019-05-05 17:13:36,684 [Eureka-EvictionTimer] INFO  [c.netflix.eureka.registry.AbstractInstanceRegistry] AbstractInstanceRegistry.java:1250 - Running the evict task with compensationTime 0ms
2019-05-05 17:13:40,685 [Eureka-EvictionTimer] INFO  [c.netflix.eureka.registry.AbstractInstanceRegistry] AbstractInstanceRegistry.java:1250 - Running the evict task with compensationTime 0ms
2019-05-05 17:13:44,685 [Eureka-EvictionTimer] INFO  [c.netflix.eureka.registry.AbstractInstanceRegistry] AbstractInstanceRegistry.java:1250 - Running the evict task with compensationTime 0ms
2019-05-05 17:13:48,685 [Eureka-EvictionTimer] INFO  [c.netflix.eureka.registry.AbstractInstanceRegistry] AbstractInstanceRegistry.java:1250 - Running the evict task with compensationTime 0ms
2019-05-05 17:13:52,686 [Eureka-EvictionTimer] INFO  [c.netflix.eureka.registry.AbstractInstanceRegistry] AbstractInstanceRegistry.java:1250 - Running the evict task with compensationTime 0ms
2019-05-05 17:13:56,686 [Eureka-EvictionTimer] INFO  [c.netflix.eureka.registry.AbstractInstanceRegistry] AbstractInstanceRegistry.java:1250 - Running the evict task with compensationTime 0ms
2019-05-05 17:14:00,686 [Eureka-EvictionTimer] INFO  [c.netflix.eureka.registry.AbstractInstanceRegistry] AbstractInstanceRegistry.java:1250 - Running the evict task with compensationTime 0ms
2019-05-05 17:14:04,687 [Eureka-EvictionTimer] INFO  [c.netflix.eureka.registry.AbstractInstanceRegistry] AbstractInstanceRegistry.java:1250 - Running the evict task with compensationTime 0ms
2019-05-05 17:14:08,688 [Eureka-EvictionTimer] INFO  [c.netflix.eureka.registry.AbstractInstanceRegistry] AbstractInstanceRegistry.java:1250 - Running the evict task with compensationTime 1ms
2019-05-05 17:14:12,688 [Eureka-EvictionTimer] INFO  [c.netflix.eureka.registry.AbstractInstanceRegistry] AbstractInstanceRegistry.java:1250 - Running the evict task with compensationTime 0ms
2019-05-05 17:14:16,688 [Eureka-EvictionTimer] INFO  [c.netflix.eureka.registry.AbstractInstanceRegistry] AbstractInstanceRegistry.java:1250 - Running the evict task with compensationTime 0ms
2019-05-05 17:14:20,689 [Eureka-EvictionTimer] INFO  [c.netflix.eureka.registry.AbstractInstanceRegistry] AbstractInstanceRegistry.java:1250 - Running the evict task with compensationTime 0ms
2019-05-05 17:14:24,689 [Eureka-EvictionTimer] INFO  [c.netflix.eureka.registry.AbstractInstanceRegistry] AbstractInstanceRegistry.java:1250 - Running the evict task with compensationTime 0ms
2019-05-05 17:14:28,690 [Eureka-EvictionTimer] INFO  [c.netflix.eureka.registry.AbstractInstanceRegistry] AbstractInstanceRegistry.java:1250 - Running the evict task with compensationTime 0ms
2019-05-05 17:14:32,691 [Eureka-EvictionTimer] INFO  [c.netflix.eureka.registry.AbstractInstanceRegistry] AbstractInstanceRegistry.java:1250 - Running the evict task with compensationTime 1ms
2019-05-05 17:14:36,692 [Eureka-EvictionTimer] INFO  [c.netflix.eureka.registry.AbstractInstanceRegistry] AbstractInstanceRegistry.java:1250 - Running the evict task with compensationTime 1ms
2019-05-05 17:14:40,692 [Eureka-EvictionTimer] INFO  [c.netflix.eureka.registry.AbstractInstanceRegistry] AbstractInstanceRegistry.java:1250 - Running the evict task with compensationTime 0ms
2019-05-05 17:14:44,692 [Eureka-EvictionTimer] INFO  [c.netflix.eureka.registry.AbstractInstanceRegistry] AbstractInstanceRegistry.java:1250 - Running the evict task with compensationTime 0ms
2019-05-05 17:14:48,693 [Eureka-EvictionTimer] INFO  [c.netflix.eureka.registry.AbstractInstanceRegistry] AbstractInstanceRegistry.java:1250 - Running the evict task with compensationTime 0ms
2019-05-05 17:14:52,693 [Eureka-EvictionTimer] INFO  [c.netflix.eureka.registry.AbstractInstanceRegistry] AbstractInstanceRegistry.java:1250 - Running the evict task with compensationTime 0ms
2019-05-05 17:14:56,693 [Eureka-EvictionTimer] INFO  [c.netflix.eureka.registry.AbstractInstanceRegistry] AbstractInstanceRegistry.java:1250 - Running the evict task with compensationTime 0ms
2019-05-05 17:15:00,693 [Eureka-EvictionTimer] INFO  [c.netflix.eureka.registry.AbstractInstanceRegistry] AbstractInstanceRegistry.java:1250 - Running the evict task with compensationTime 0ms
2019-05-05 17:15:04,693 [Eureka-EvictionTimer] INFO  [c.netflix.eureka.registry.AbstractInstanceRegistry] AbstractInstanceRegistry.java:1250 - Running the evict task with compensationTime 0ms
2019-05-05 17:15:08,693 [Eureka-EvictionTimer] INFO  [c.netflix.eureka.registry.AbstractInstanceRegistry] AbstractInstanceRegistry.java:1250 - Running the evict task with compensationTime 0ms
2019-05-05 17:15:12,693 [Eureka-EvictionTimer] INFO  [c.netflix.eureka.registry.AbstractInstanceRegistry] AbstractInstanceRegistry.java:1250 - Running the evict task with compensationTime 0ms
2019-05-05 17:15:16,693 [Eureka-EvictionTimer] INFO  [c.netflix.eureka.registry.AbstractInstanceRegistry] AbstractInstanceRegistry.java:1250 - Running the evict task with compensationTime 0ms
2019-05-05 17:15:20,693 [Eureka-EvictionTimer] INFO  [c.netflix.eureka.registry.AbstractInstanceRegistry] AbstractInstanceRegistry.java:1250 - Running the evict task with compensationTime 0ms
2019-05-05 17:15:24,693 [Eureka-EvictionTimer] INFO  [c.netflix.eureka.registry.AbstractInstanceRegistry] AbstractInstanceRegistry.java:1250 - Running the evict task with compensationTime 0ms
2019-05-05 17:15:28,694 [Eureka-EvictionTimer] INFO  [c.netflix.eureka.registry.AbstractInstanceRegistry] AbstractInstanceRegistry.java:1250 - Running the evict task with compensationTime 0ms
2019-05-05 17:15:32,694 [Eureka-EvictionTimer] INFO  [c.netflix.eureka.registry.AbstractInstanceRegistry] AbstractInstanceRegistry.java:1250 - Running the evict task with compensationTime 0ms
2019-05-05 17:15:36,694 [Eureka-EvictionTimer] INFO  [c.netflix.eureka.registry.AbstractInstanceRegistry] AbstractInstanceRegistry.java:1250 - Running the evict task with compensationTime 0ms
2019-05-05 17:15:40,695 [Eureka-EvictionTimer] INFO  [c.netflix.eureka.registry.AbstractInstanceRegistry] AbstractInstanceRegistry.java:1250 - Running the evict task with compensationTime 1ms
2019-05-05 17:15:44,695 [Eureka-EvictionTimer] INFO  [c.netflix.eureka.registry.AbstractInstanceRegistry] AbstractInstanceRegistry.java:1250 - Running the evict task with compensationTime 0ms
2019-05-05 17:15:48,695 [Eureka-EvictionTimer] INFO  [c.netflix.eureka.registry.AbstractInstanceRegistry] AbstractInstanceRegistry.java:1250 - Running the evict task with compensationTime 0ms
2019-05-05 17:15:52,696 [Eureka-EvictionTimer] INFO  [c.netflix.eureka.registry.AbstractInstanceRegistry] AbstractInstanceRegistry.java:1250 - Running the evict task with compensationTime 0ms
2019-05-05 17:15:56,696 [Eureka-EvictionTimer] INFO  [c.netflix.eureka.registry.AbstractInstanceRegistry] AbstractInstanceRegistry.java:1250 - Running the evict task with compensationTime 0ms
2019-05-05 17:16:00,696 [Eureka-EvictionTimer] INFO  [c.netflix.eureka.registry.AbstractInstanceRegistry] AbstractInstanceRegistry.java:1250 - Running the evict task with compensationTime 0ms
2019-05-05 17:16:04,696 [Eureka-EvictionTimer] INFO  [c.netflix.eureka.registry.AbstractInstanceRegistry] AbstractInstanceRegistry.java:1250 - Running the evict task with compensationTime 0ms
2019-05-05 17:16:08,697 [Eureka-EvictionTimer] INFO  [c.netflix.eureka.registry.AbstractInstanceRegistry] AbstractInstanceRegistry.java:1250 - Running the evict task with compensationTime 0ms
2019-05-05 17:16:12,697 [Eureka-EvictionTimer] INFO  [c.netflix.eureka.registry.AbstractInstanceRegistry] AbstractInstanceRegistry.java:1250 - Running the evict task with compensationTime 0ms
2019-05-05 17:16:16,697 [Eureka-EvictionTimer] INFO  [c.netflix.eureka.registry.AbstractInstanceRegistry] AbstractInstanceRegistry.java:1250 - Running the evict task with compensationTime 0ms
2019-05-05 17:16:20,697 [Eureka-EvictionTimer] INFO  [c.netflix.eureka.registry.AbstractInstanceRegistry] AbstractInstanceRegistry.java:1250 - Running the evict task with compensationTime 0ms
2019-05-05 17:16:24,698 [Eureka-EvictionTimer] INFO  [c.netflix.eureka.registry.AbstractInstanceRegistry] AbstractInstanceRegistry.java:1250 - Running the evict task with compensationTime 0ms
2019-05-05 17:16:28,699 [Eureka-EvictionTimer] INFO  [c.netflix.eureka.registry.AbstractInstanceRegistry] AbstractInstanceRegistry.java:1250 - Running the evict task with compensationTime 0ms
2019-05-05 17:16:32,699 [Eureka-EvictionTimer] INFO  [c.netflix.eureka.registry.AbstractInstanceRegistry] AbstractInstanceRegistry.java:1250 - Running the evict task with compensationTime 0ms
2019-05-05 17:16:36,699 [Eureka-EvictionTimer] INFO  [c.netflix.eureka.registry.AbstractInstanceRegistry] AbstractInstanceRegistry.java:1250 - Running the evict task with compensationTime 0ms
2019-05-05 17:16:40,700 [Eureka-EvictionTimer] INFO  [c.netflix.eureka.registry.AbstractInstanceRegistry] AbstractInstanceRegistry.java:1250 - Running the evict task with compensationTime 1ms
2019-05-05 17:16:44,701 [Eureka-EvictionTimer] INFO  [c.netflix.eureka.registry.AbstractInstanceRegistry] AbstractInstanceRegistry.java:1250 - Running the evict task with compensationTime 0ms
2019-05-05 17:16:48,701 [Eureka-EvictionTimer] INFO  [c.netflix.eureka.registry.AbstractInstanceRegistry] AbstractInstanceRegistry.java:1250 - Running the evict task with compensationTime 0ms
2019-05-05 17:16:52,701 [Eureka-EvictionTimer] INFO  [c.netflix.eureka.registry.AbstractInstanceRegistry] AbstractInstanceRegistry.java:1250 - Running the evict task with compensationTime 0ms
2019-05-05 17:16:56,701 [Eureka-EvictionTimer] INFO  [c.netflix.eureka.registry.AbstractInstanceRegistry] AbstractInstanceRegistry.java:1250 - Running the evict task with compensationTime 0ms
2019-05-05 17:17:00,702 [Eureka-EvictionTimer] INFO  [c.netflix.eureka.registry.AbstractInstanceRegistry] AbstractInstanceRegistry.java:1250 - Running the evict task with compensationTime 0ms
2019-05-05 17:17:04,702 [Eureka-EvictionTimer] INFO  [c.netflix.eureka.registry.AbstractInstanceRegistry] AbstractInstanceRegistry.java:1250 - Running the evict task with compensationTime 0ms
2019-05-05 17:17:08,703 [Eureka-EvictionTimer] INFO  [c.netflix.eureka.registry.AbstractInstanceRegistry] AbstractInstanceRegistry.java:1250 - Running the evict task with compensationTime 0ms
2019-05-05 17:17:12,703 [Eureka-EvictionTimer] INFO  [c.netflix.eureka.registry.AbstractInstanceRegistry] AbstractInstanceRegistry.java:1250 - Running the evict task with compensationTime 0ms
2019-05-05 17:17:16,703 [Eureka-EvictionTimer] INFO  [c.netflix.eureka.registry.AbstractInstanceRegistry] AbstractInstanceRegistry.java:1250 - Running the evict task with compensationTime 0ms
2019-05-05 17:17:20,703 [Eureka-EvictionTimer] INFO  [c.netflix.eureka.registry.AbstractInstanceRegistry] AbstractInstanceRegistry.java:1250 - Running the evict task with compensationTime 0ms
2019-05-05 17:17:24,704 [Eureka-EvictionTimer] INFO  [c.netflix.eureka.registry.AbstractInstanceRegistry] AbstractInstanceRegistry.java:1250 - Running the evict task with compensationTime 0ms
2019-05-05 17:17:28,705 [Eureka-EvictionTimer] INFO  [c.netflix.eureka.registry.AbstractInstanceRegistry] AbstractInstanceRegistry.java:1250 - Running the evict task with compensationTime 0ms
2019-05-05 17:17:32,705 [Eureka-EvictionTimer] INFO  [c.netflix.eureka.registry.AbstractInstanceRegistry] AbstractInstanceRegistry.java:1250 - Running the evict task with compensationTime 0ms
2019-05-05 17:17:36,705 [Eureka-EvictionTimer] INFO  [c.netflix.eureka.registry.AbstractInstanceRegistry] AbstractInstanceRegistry.java:1250 - Running the evict task with compensationTime 0ms
2019-05-05 17:17:40,706 [Eureka-EvictionTimer] INFO  [c.netflix.eureka.registry.AbstractInstanceRegistry] AbstractInstanceRegistry.java:1250 - Running the evict task with compensationTime 0ms
2019-05-05 17:17:44,706 [Eureka-EvictionTimer] INFO  [c.netflix.eureka.registry.AbstractInstanceRegistry] AbstractInstanceRegistry.java:1250 - Running the evict task with compensationTime 0ms
2019-05-05 17:17:48,706 [Eureka-EvictionTimer] INFO  [c.netflix.eureka.registry.AbstractInstanceRegistry] AbstractInstanceRegistry.java:1250 - Running the evict task with compensationTime 0ms
2019-05-05 17:17:52,707 [Eureka-EvictionTimer] INFO  [c.netflix.eureka.registry.AbstractInstanceRegistry] AbstractInstanceRegistry.java:1250 - Running the evict task with compensationTime 0ms
2019-05-05 17:17:56,708 [Eureka-EvictionTimer] INFO  [c.netflix.eureka.registry.AbstractInstanceRegistry] AbstractInstanceRegistry.java:1250 - Running the evict task with compensationTime 0ms
2019-05-05 17:18:00,709 [Eureka-EvictionTimer] INFO  [c.netflix.eureka.registry.AbstractInstanceRegistry] AbstractInstanceRegistry.java:1250 - Running the evict task with compensationTime 1ms
2019-05-05 17:18:04,710 [Eureka-EvictionTimer] INFO  [c.netflix.eureka.registry.AbstractInstanceRegistry] AbstractInstanceRegistry.java:1250 - Running the evict task with compensationTime 0ms
2019-05-05 17:18:08,711 [Eureka-EvictionTimer] INFO  [c.netflix.eureka.registry.AbstractInstanceRegistry] AbstractInstanceRegistry.java:1250 - Running the evict task with compensationTime 0ms
2019-05-05 17:18:12,711 [Eureka-EvictionTimer] INFO  [c.netflix.eureka.registry.AbstractInstanceRegistry] AbstractInstanceRegistry.java:1250 - Running the evict task with compensationTime 0ms
2019-05-05 17:18:16,712 [Eureka-EvictionTimer] INFO  [c.netflix.eureka.registry.AbstractInstanceRegistry] AbstractInstanceRegistry.java:1250 - Running the evict task with compensationTime 0ms
2019-05-05 17:18:20,712 [Eureka-EvictionTimer] INFO  [c.netflix.eureka.registry.AbstractInstanceRegistry] AbstractInstanceRegistry.java:1250 - Running the evict task with compensationTime 0ms
2019-05-05 17:18:24,712 [Eureka-EvictionTimer] INFO  [c.netflix.eureka.registry.AbstractInstanceRegistry] AbstractInstanceRegistry.java:1250 - Running the evict task with compensationTime 0ms
2019-05-05 17:18:28,713 [Eureka-EvictionTimer] INFO  [c.netflix.eureka.registry.AbstractInstanceRegistry] AbstractInstanceRegistry.java:1250 - Running the evict task with compensationTime 0ms
2019-05-05 17:18:32,713 [Eureka-EvictionTimer] INFO  [c.netflix.eureka.registry.AbstractInstanceRegistry] AbstractInstanceRegistry.java:1250 - Running the evict task with compensationTime 0ms
2019-05-05 17:18:36,713 [Eureka-EvictionTimer] INFO  [c.netflix.eureka.registry.AbstractInstanceRegistry] AbstractInstanceRegistry.java:1250 - Running the evict task with compensationTime 0ms
2019-05-05 17:18:40,714 [Eureka-EvictionTimer] INFO  [c.netflix.eureka.registry.AbstractInstanceRegistry] AbstractInstanceRegistry.java:1250 - Running the evict task with compensationTime 0ms
2019-05-05 17:18:44,714 [Eureka-EvictionTimer] INFO  [c.netflix.eureka.registry.AbstractInstanceRegistry] AbstractInstanceRegistry.java:1250 - Running the evict task with compensationTime 0ms
2019-05-05 17:18:48,714 [Eureka-EvictionTimer] INFO  [c.netflix.eureka.registry.AbstractInstanceRegistry] AbstractInstanceRegistry.java:1250 - Running the evict task with compensationTime 0ms
2019-05-05 17:18:52,714 [Eureka-EvictionTimer] INFO  [c.netflix.eureka.registry.AbstractInstanceRegistry] AbstractInstanceRegistry.java:1250 - Running the evict task with compensationTime 0ms
2019-05-05 17:18:56,714 [Eureka-EvictionTimer] INFO  [c.netflix.eureka.registry.AbstractInstanceRegistry] AbstractInstanceRegistry.java:1250 - Running the evict task with compensationTime 0ms
2019-05-05 17:19:00,714 [Eureka-EvictionTimer] INFO  [c.netflix.eureka.registry.AbstractInstanceRegistry] AbstractInstanceRegistry.java:1250 - Running the evict task with compensationTime 0ms
2019-05-05 17:19:04,714 [Eureka-EvictionTimer] INFO  [c.netflix.eureka.registry.AbstractInstanceRegistry] AbstractInstanceRegistry.java:1250 - Running the evict task with compensationTime 0ms
2019-05-05 17:19:08,714 [Eureka-EvictionTimer] INFO  [c.netflix.eureka.registry.AbstractInstanceRegistry] AbstractInstanceRegistry.java:1250 - Running the evict task with compensationTime 0ms
2019-05-05 17:19:12,714 [Eureka-EvictionTimer] INFO  [c.netflix.eureka.registry.AbstractInstanceRegistry] AbstractInstanceRegistry.java:1250 - Running the evict task with compensationTime 0ms
2019-05-05 17:19:16,715 [Eureka-EvictionTimer] INFO  [c.netflix.eureka.registry.AbstractInstanceRegistry] AbstractInstanceRegistry.java:1250 - Running the evict task with compensationTime 0ms
2019-05-05 17:19:20,715 [Eureka-EvictionTimer] INFO  [c.netflix.eureka.registry.AbstractInstanceRegistry] AbstractInstanceRegistry.java:1250 - Running the evict task with compensationTime 0ms
2019-05-05 17:19:24,716 [Eureka-EvictionTimer] INFO  [c.netflix.eureka.registry.AbstractInstanceRegistry] AbstractInstanceRegistry.java:1250 - Running the evict task with compensationTime 0ms
2019-05-05 17:19:28,716 [Eureka-EvictionTimer] INFO  [c.netflix.eureka.registry.AbstractInstanceRegistry] AbstractInstanceRegistry.java:1250 - Running the evict task with compensationTime 0ms
2019-05-05 17:19:32,716 [Eureka-EvictionTimer] INFO  [c.netflix.eureka.registry.AbstractInstanceRegistry] AbstractInstanceRegistry.java:1250 - Running the evict task with compensationTime 0ms
2019-05-05 17:19:36,717 [Eureka-EvictionTimer] INFO  [c.netflix.eureka.registry.AbstractInstanceRegistry] AbstractInstanceRegistry.java:1250 - Running the evict task with compensationTime 0ms
2019-05-05 17:19:40,717 [Eureka-EvictionTimer] INFO  [c.netflix.eureka.registry.AbstractInstanceRegistry] AbstractInstanceRegistry.java:1250 - Running the evict task with compensationTime 0ms
2019-05-05 17:19:44,718 [Eureka-EvictionTimer] INFO  [c.netflix.eureka.registry.AbstractInstanceRegistry] AbstractInstanceRegistry.java:1250 - Running the evict task with compensationTime 0ms
2019-05-05 17:19:48,719 [Eureka-EvictionTimer] INFO  [c.netflix.eureka.registry.AbstractInstanceRegistry] AbstractInstanceRegistry.java:1250 - Running the evict task with compensationTime 0ms
2019-05-05 17:19:52,719 [Eureka-EvictionTimer] INFO  [c.netflix.eureka.registry.AbstractInstanceRegistry] AbstractInstanceRegistry.java:1250 - Running the evict task with compensationTime 0ms
2019-05-05 17:19:56,719 [Eureka-EvictionTimer] INFO  [c.netflix.eureka.registry.AbstractInstanceRegistry] AbstractInstanceRegistry.java:1250 - Running the evict task with compensationTime 0ms
2019-05-05 17:20:00,719 [Eureka-EvictionTimer] INFO  [c.netflix.eureka.registry.AbstractInstanceRegistry] AbstractInstanceRegistry.java:1250 - Running the evict task with compensationTime 0ms
2019-05-05 17:20:04,720 [Eureka-EvictionTimer] INFO  [c.netflix.eureka.registry.AbstractInstanceRegistry] AbstractInstanceRegistry.java:1250 - Running the evict task with compensationTime 1ms
2019-05-05 17:20:08,720 [Eureka-EvictionTimer] INFO  [c.netflix.eureka.registry.AbstractInstanceRegistry] AbstractInstanceRegistry.java:1250 - Running the evict task with compensationTime 0ms
2019-05-05 17:20:12,720 [Eureka-EvictionTimer] INFO  [c.netflix.eureka.registry.AbstractInstanceRegistry] AbstractInstanceRegistry.java:1250 - Running the evict task with compensationTime 0ms
2019-05-05 17:20:16,720 [Eureka-EvictionTimer] INFO  [c.netflix.eureka.registry.AbstractInstanceRegistry] AbstractInstanceRegistry.java:1250 - Running the evict task with compensationTime 0ms
2019-05-05 17:20:20,720 [Eureka-EvictionTimer] INFO  [c.netflix.eureka.registry.AbstractInstanceRegistry] AbstractInstanceRegistry.java:1250 - Running the evict task with compensationTime 0ms
2019-05-05 17:20:24,721 [Eureka-EvictionTimer] INFO  [c.netflix.eureka.registry.AbstractInstanceRegistry] AbstractInstanceRegistry.java:1250 - Running the evict task with compensationTime 1ms
2019-05-05 17:20:28,722 [Eureka-EvictionTimer] INFO  [c.netflix.eureka.registry.AbstractInstanceRegistry] AbstractInstanceRegistry.java:1250 - Running the evict task with compensationTime 1ms
2019-05-05 17:20:32,722 [Eureka-EvictionTimer] INFO  [c.netflix.eureka.registry.AbstractInstanceRegistry] AbstractInstanceRegistry.java:1250 - Running the evict task with compensationTime 0ms
2019-05-05 17:20:36,722 [Eureka-EvictionTimer] INFO  [c.netflix.eureka.registry.AbstractInstanceRegistry] AbstractInstanceRegistry.java:1250 - Running the evict task with compensationTime 0ms
2019-05-05 17:20:40,722 [Eureka-EvictionTimer] INFO  [c.netflix.eureka.registry.AbstractInstanceRegistry] AbstractInstanceRegistry.java:1250 - Running the evict task with compensationTime 0ms
2019-05-05 17:20:44,722 [Eureka-EvictionTimer] INFO  [c.netflix.eureka.registry.AbstractInstanceRegistry] AbstractInstanceRegistry.java:1250 - Running the evict task with compensationTime 0ms
2019-05-05 17:20:48,722 [Eureka-EvictionTimer] INFO  [c.netflix.eureka.registry.AbstractInstanceRegistry] AbstractInstanceRegistry.java:1250 - Running the evict task with compensationTime 0ms
2019-05-05 17:20:52,722 [Eureka-EvictionTimer] INFO  [c.netflix.eureka.registry.AbstractInstanceRegistry] AbstractInstanceRegistry.java:1250 - Running the evict task with compensationTime 0ms
2019-05-05 17:20:56,722 [Eureka-EvictionTimer] INFO  [c.netflix.eureka.registry.AbstractInstanceRegistry] AbstractInstanceRegistry.java:1250 - Running the evict task with compensationTime 0ms
2019-05-05 17:21:00,722 [Eureka-EvictionTimer] INFO  [c.netflix.eureka.registry.AbstractInstanceRegistry] AbstractInstanceRegistry.java:1250 - Running the evict task with compensationTime 0ms
2019-05-05 17:21:04,723 [Eureka-EvictionTimer] INFO  [c.netflix.eureka.registry.AbstractInstanceRegistry] AbstractInstanceRegistry.java:1250 - Running the evict task with compensationTime 0ms
2019-05-05 17:21:08,723 [Eureka-EvictionTimer] INFO  [c.netflix.eureka.registry.AbstractInstanceRegistry] AbstractInstanceRegistry.java:1250 - Running the evict task with compensationTime 0ms
2019-05-05 17:21:12,724 [Eureka-EvictionTimer] INFO  [c.netflix.eureka.registry.AbstractInstanceRegistry] AbstractInstanceRegistry.java:1250 - Running the evict task with compensationTime 1ms
2019-05-05 17:21:16,725 [Eureka-EvictionTimer] INFO  [c.netflix.eureka.registry.AbstractInstanceRegistry] AbstractInstanceRegistry.java:1250 - Running the evict task with compensationTime 1ms
2019-05-05 17:21:20,726 [Eureka-EvictionTimer] INFO  [c.netflix.eureka.registry.AbstractInstanceRegistry] AbstractInstanceRegistry.java:1250 - Running the evict task with compensationTime 0ms
2019-05-05 17:21:24,726 [Eureka-EvictionTimer] INFO  [c.netflix.eureka.registry.AbstractInstanceRegistry] AbstractInstanceRegistry.java:1250 - Running the evict task with compensationTime 0ms
2019-05-05 17:21:28,727 [Eureka-EvictionTimer] INFO  [c.netflix.eureka.registry.AbstractInstanceRegistry] AbstractInstanceRegistry.java:1250 - Running the evict task with compensationTime 1ms
2019-05-05 17:21:32,727 [Eureka-EvictionTimer] INFO  [c.netflix.eureka.registry.AbstractInstanceRegistry] AbstractInstanceRegistry.java:1250 - Running the evict task with compensationTime 0ms
2019-05-05 17:21:36,727 [Eureka-EvictionTimer] INFO  [c.netflix.eureka.registry.AbstractInstanceRegistry] AbstractInstanceRegistry.java:1250 - Running the evict task with compensationTime 0ms
2019-05-05 17:21:40,210 [XNIO-1 task-1] INFO  [io.undertow.servlet] ServletContextImpl.java:364 - Initializing Spring DispatcherServlet 'dispatcherServlet'
2019-05-05 17:21:40,211 [XNIO-1 task-1] INFO  [org.springframework.web.servlet.DispatcherServlet] FrameworkServlet.java:524 - Initializing Servlet 'dispatcherServlet'
2019-05-05 17:21:40,218 [XNIO-1 task-1] INFO  [org.springframework.web.servlet.DispatcherServlet] FrameworkServlet.java:546 - Completed initialization in 7 ms
2019-05-05 17:21:40,728 [Eureka-EvictionTimer] INFO  [c.netflix.eureka.registry.AbstractInstanceRegistry] AbstractInstanceRegistry.java:1250 - Running the evict task with compensationTime 0ms
2019-05-05 17:21:44,728 [Eureka-EvictionTimer] INFO  [c.netflix.eureka.registry.AbstractInstanceRegistry] AbstractInstanceRegistry.java:1250 - Running the evict task with compensationTime 0ms
2019-05-05 17:21:48,729 [Eureka-EvictionTimer] INFO  [c.netflix.eureka.registry.AbstractInstanceRegistry] AbstractInstanceRegistry.java:1250 - Running the evict task with compensationTime 0ms
2019-05-05 17:21:52,729 [Eureka-EvictionTimer] INFO  [c.netflix.eureka.registry.AbstractInstanceRegistry] AbstractInstanceRegistry.java:1250 - Running the evict task with compensationTime 0ms
2019-05-05 17:21:56,729 [Eureka-EvictionTimer] INFO  [c.netflix.eureka.registry.AbstractInstanceRegistry] AbstractInstanceRegistry.java:1250 - Running the evict task with compensationTime 0ms
2019-05-05 17:22:00,729 [Eureka-EvictionTimer] INFO  [c.netflix.eureka.registry.AbstractInstanceRegistry] AbstractInstanceRegistry.java:1250 - Running the evict task with compensationTime 0ms
2019-05-05 17:22:04,729 [Eureka-EvictionTimer] INFO  [c.netflix.eureka.registry.AbstractInstanceRegistry] AbstractInstanceRegistry.java:1250 - Running the evict task with compensationTime 0ms
2019-05-05 17:22:08,729 [Eureka-EvictionTimer] INFO  [c.netflix.eureka.registry.AbstractInstanceRegistry] AbstractInstanceRegistry.java:1250 - Running the evict task with compensationTime 0ms
2019-05-05 17:22:12,730 [Eureka-EvictionTimer] INFO  [c.netflix.eureka.registry.AbstractInstanceRegistry] AbstractInstanceRegistry.java:1250 - Running the evict task with compensationTime 1ms
2019-05-05 17:22:16,730 [Eureka-EvictionTimer] INFO  [c.netflix.eureka.registry.AbstractInstanceRegistry] AbstractInstanceRegistry.java:1250 - Running the evict task with compensationTime 0ms
2019-05-05 17:22:20,731 [Eureka-EvictionTimer] INFO  [c.netflix.eureka.registry.AbstractInstanceRegistry] AbstractInstanceRegistry.java:1250 - Running the evict task with compensationTime 0ms
2019-05-05 17:22:24,731 [Eureka-EvictionTimer] INFO  [c.netflix.eureka.registry.AbstractInstanceRegistry] AbstractInstanceRegistry.java:1250 - Running the evict task with compensationTime 0ms
2019-05-05 17:22:28,731 [Eureka-EvictionTimer] INFO  [c.netflix.eureka.registry.AbstractInstanceRegistry] AbstractInstanceRegistry.java:1250 - Running the evict task with compensationTime 0ms
2019-05-05 17:22:32,731 [Eureka-EvictionTimer] INFO  [c.netflix.eureka.registry.AbstractInstanceRegistry] AbstractInstanceRegistry.java:1250 - Running the evict task with compensationTime 0ms
2019-05-05 17:22:36,731 [Eureka-EvictionTimer] INFO  [c.netflix.eureka.registry.AbstractInstanceRegistry] AbstractInstanceRegistry.java:1250 - Running the evict task with compensationTime 0ms
2019-05-05 17:22:40,732 [Eureka-EvictionTimer] INFO  [c.netflix.eureka.registry.AbstractInstanceRegistry] AbstractInstanceRegistry.java:1250 - Running the evict task with compensationTime 0ms
2019-05-05 17:22:44,732 [Eureka-EvictionTimer] INFO  [c.netflix.eureka.registry.AbstractInstanceRegistry] AbstractInstanceRegistry.java:1250 - Running the evict task with compensationTime 0ms
2019-05-05 17:22:48,732 [Eureka-EvictionTimer] INFO  [c.netflix.eureka.registry.AbstractInstanceRegistry] AbstractInstanceRegistry.java:1250 - Running the evict task with compensationTime 0ms
2019-05-05 17:22:52,733 [Eureka-EvictionTimer] INFO  [c.netflix.eureka.registry.AbstractInstanceRegistry] AbstractInstanceRegistry.java:1250 - Running the evict task with compensationTime 0ms
2019-05-05 17:22:56,733 [Eureka-EvictionTimer] INFO  [c.netflix.eureka.registry.AbstractInstanceRegistry] AbstractInstanceRegistry.java:1250 - Running the evict task with compensationTime 0ms
2019-05-05 17:23:00,733 [Eureka-EvictionTimer] INFO  [c.netflix.eureka.registry.AbstractInstanceRegistry] AbstractInstanceRegistry.java:1250 - Running the evict task with compensationTime 0ms
2019-05-05 17:23:04,734 [Eureka-EvictionTimer] INFO  [c.netflix.eureka.registry.AbstractInstanceRegistry] AbstractInstanceRegistry.java:1250 - Running the evict task with compensationTime 0ms
2019-05-05 17:23:08,734 [Eureka-EvictionTimer] INFO  [c.netflix.eureka.registry.AbstractInstanceRegistry] AbstractInstanceRegistry.java:1250 - Running the evict task with compensationTime 0ms
2019-05-05 17:23:12,735 [Eureka-EvictionTimer] INFO  [c.netflix.eureka.registry.AbstractInstanceRegistry] AbstractInstanceRegistry.java:1250 - Running the evict task with compensationTime 0ms
2019-05-05 17:23:16,735 [Eureka-EvictionTimer] INFO  [c.netflix.eureka.registry.AbstractInstanceRegistry] AbstractInstanceRegistry.java:1250 - Running the evict task with compensationTime 0ms
2019-05-05 17:23:20,736 [Eureka-EvictionTimer] INFO  [c.netflix.eureka.registry.AbstractInstanceRegistry] AbstractInstanceRegistry.java:1250 - Running the evict task with compensationTime 0ms
2019-05-05 17:23:24,737 [Eureka-EvictionTimer] INFO  [c.netflix.eureka.registry.AbstractInstanceRegistry] AbstractInstanceRegistry.java:1250 - Running the evict task with compensationTime 1ms
2019-05-05 17:23:28,737 [Eureka-EvictionTimer] INFO  [c.netflix.eureka.registry.AbstractInstanceRegistry] AbstractInstanceRegistry.java:1250 - Running the evict task with compensationTime 0ms
2019-05-05 17:23:32,738 [Eureka-EvictionTimer] INFO  [c.netflix.eureka.registry.AbstractInstanceRegistry] AbstractInstanceRegistry.java:1250 - Running the evict task with compensationTime 0ms
2019-05-05 17:23:36,738 [Eureka-EvictionTimer] INFO  [c.netflix.eureka.registry.AbstractInstanceRegistry] AbstractInstanceRegistry.java:1250 - Running the evict task with compensationTime 0ms
2019-05-05 17:23:40,738 [Eureka-EvictionTimer] INFO  [c.netflix.eureka.registry.AbstractInstanceRegistry] AbstractInstanceRegistry.java:1250 - Running the evict task with compensationTime 0ms
2019-05-05 17:23:44,738 [Eureka-EvictionTimer] INFO  [c.netflix.eureka.registry.AbstractInstanceRegistry] AbstractInstanceRegistry.java:1250 - Running the evict task with compensationTime 0ms
2019-05-05 17:23:48,739 [Eureka-EvictionTimer] INFO  [c.netflix.eureka.registry.AbstractInstanceRegistry] AbstractInstanceRegistry.java:1250 - Running the evict task with compensationTime 0ms
2019-05-05 17:23:54,623 [main] INFO  [o.s.c.s.PostProcessorRegistrationDelegate$BeanPostProcessorChecker] PostProcessorRegistrationDelegate.java:330 - Bean 'org.springframework.cloud.autoconfigure.ConfigurationPropertiesRebinderAutoConfiguration' of type [org.springframework.cloud.autoconfigure.ConfigurationPropertiesRebinderAutoConfiguration$$EnhancerBySpringCGLIB$$a3285f0b] is not eligible for getting processed by all BeanPostProcessors (for example: not eligible for auto-proxying)
2019-05-05 17:23:55,163 [main] INFO  [cn.githink.eureka.DpEurekaApplication] SpringApplication.java:675 - No active profile set, falling back to default profiles: default
2019-05-05 17:23:55,691 [main] WARN  [o.springframework.boot.actuate.endpoint.EndpointId] EndpointId.java:135 - Endpoint ID 'service-registry' contains invalid characters, please migrate to a valid format.
2019-05-05 17:23:55,849 [main] INFO  [o.springframework.cloud.context.scope.GenericScope] GenericScope.java:295 - BeanFactory id=e75a6f8f-cacf-3e89-b880-9d3d63c76e78
2019-05-05 17:23:55,912 [main] INFO  [o.s.c.s.PostProcessorRegistrationDelegate$BeanPostProcessorChecker] PostProcessorRegistrationDelegate.java:330 - Bean 'org.springframework.cloud.autoconfigure.ConfigurationPropertiesRebinderAutoConfiguration' of type [org.springframework.cloud.autoconfigure.ConfigurationPropertiesRebinderAutoConfiguration$$EnhancerBySpringCGLIB$$a3285f0b] is not eligible for getting processed by all BeanPostProcessors (for example: not eligible for auto-proxying)
2019-05-05 17:23:56,045 [main] WARN  [io.undertow.websockets.jsr] Bootstrap.java:68 - UT026010: Buffer pool was not set on WebSocketDeploymentInfo, the default pool will be used
2019-05-05 17:23:56,062 [main] INFO  [io.undertow.servlet] ServletContextImpl.java:364 - Initializing Spring embedded WebApplicationContext
2019-05-05 17:23:56,062 [main] INFO  [org.springframework.web.context.ContextLoader] ServletWebServerApplicationContext.java:296 - Root WebApplicationContext: initialization completed in 891 ms
2019-05-05 17:23:56,129 [main] WARN  [com.netflix.config.sources.URLConfigurationSource] URLConfigurationSource.java:121 - No URLs will be polled as dynamic configuration sources.
2019-05-05 17:23:56,129 [main] INFO  [com.netflix.config.sources.URLConfigurationSource] URLConfigurationSource.java:122 - To enable URLs as dynamic configuration sources, define System property archaius.configurationSource.additionalUrls or make config.properties available on classpath.
2019-05-05 17:23:56,135 [main] INFO  [com.netflix.config.DynamicPropertyFactory] DynamicPropertyFactory.java:281 - DynamicPropertyFactory is initialized with configuration sources: com.netflix.config.ConcurrentCompositeConfiguration@170ac7a
2019-05-05 17:23:57,082 [main] INFO  [o.s.b.a.endpoint.web.ServletEndpointRegistrar] ServletEndpointRegistrar.java:78 - Registered '/actuator/jolokia' to jolokia-actuator-endpoint
2019-05-05 17:23:57,258 [main] INFO  [o.s.security.web.DefaultSecurityFilterChain] DefaultSecurityFilterChain.java:43 - Creating filter chain: any request, [org.springframework.security.web.context.request.async.WebAsyncManagerIntegrationFilter@a9a878, org.springframework.security.web.context.SecurityContextPersistenceFilter@1b6d68d, org.springframework.security.web.header.HeaderWriterFilter@7b265e, org.springframework.security.web.authentication.logout.LogoutFilter@1b1c08, org.springframework.security.web.authentication.www.BasicAuthenticationFilter@90b7b7, org.springframework.security.web.savedrequest.RequestCacheAwareFilter@1d2dd2d, org.springframework.security.web.servletapi.SecurityContextHolderAwareRequestFilter@11ab2b9, org.springframework.security.web.authentication.AnonymousAuthenticationFilter@13ab4f9, org.springframework.security.web.session.SessionManagementFilter@6d8a71, org.springframework.security.web.access.ExceptionTranslationFilter@14125ed, org.springframework.security.web.access.intercept.FilterSecurityInterceptor@1736fee]
2019-05-05 17:23:57,268 [main] WARN  [com.netflix.config.sources.URLConfigurationSource] URLConfigurationSource.java:121 - No URLs will be polled as dynamic configuration sources.
2019-05-05 17:23:57,268 [main] INFO  [com.netflix.config.sources.URLConfigurationSource] URLConfigurationSource.java:122 - To enable URLs as dynamic configuration sources, define System property archaius.configurationSource.additionalUrls or make config.properties available on classpath.
2019-05-05 17:23:57,409 [main] INFO  [o.s.scheduling.concurrent.ThreadPoolTaskExecutor] ExecutorConfigurationSupport.java:171 - Initializing ExecutorService 'applicationTaskExecutor'
2019-05-05 17:23:57,678 [main] INFO  [o.s.b.actuate.endpoint.web.EndpointLinksResolver] EndpointLinksResolver.java:59 - Exposing 20 endpoint(s) beneath base path '/actuator'
2019-05-05 17:23:58,360 [main] INFO  [o.s.cloud.netflix.eureka.InstanceInfoFactory] InstanceInfoFactory.java:72 - Setting initial instance status as: STARTING
2019-05-05 17:23:58,377 [main] INFO  [com.netflix.discovery.DiscoveryClient] DiscoveryClient.java:349 - Initializing Eureka in region us-east-1
2019-05-05 17:23:58,377 [main] INFO  [com.netflix.discovery.DiscoveryClient] DiscoveryClient.java:352 - Client configured to neither register nor query for data.
2019-05-05 17:23:58,385 [main] INFO  [com.netflix.discovery.DiscoveryClient] DiscoveryClient.java:365 - Discovery Client initialized at timestamp 1557048238384 with initial instances count: 0
2019-05-05 17:23:58,408 [main] INFO  [com.netflix.eureka.DefaultEurekaServerContext] DefaultEurekaServerContext.java:63 - Initializing ...
2019-05-05 17:23:58,410 [main] INFO  [com.netflix.eureka.cluster.PeerEurekaNodes] PeerEurekaNodes.java:188 - Adding new peer nodes [http://dolphin:dolphin@dp-eureka:8761/eureka/]
2019-05-05 17:23:58,779 [main] INFO  [c.n.discovery.provider.DiscoveryJerseyProvider] DiscoveryJerseyProvider.java:70 - Using JSON encoding codec LegacyJacksonJson
2019-05-05 17:23:58,780 [main] INFO  [c.n.discovery.provider.DiscoveryJerseyProvider] DiscoveryJerseyProvider.java:71 - Using JSON decoding codec LegacyJacksonJson
2019-05-05 17:23:58,780 [main] INFO  [c.n.discovery.provider.DiscoveryJerseyProvider] DiscoveryJerseyProvider.java:80 - Using XML encoding codec XStreamXml
2019-05-05 17:23:58,780 [main] INFO  [c.n.discovery.provider.DiscoveryJerseyProvider] DiscoveryJerseyProvider.java:81 - Using XML decoding codec XStreamXml
2019-05-05 17:23:58,908 [main] INFO  [com.netflix.eureka.cluster.PeerEurekaNodes] PeerEurekaNodes.java:110 - Replica node URL:  http://dolphin:dolphin@dp-eureka:8761/eureka/
2019-05-05 17:23:58,915 [main] INFO  [c.netflix.eureka.registry.AbstractInstanceRegistry] AbstractInstanceRegistry.java:151 - Finished initializing remote region registries. All known remote regions: []
2019-05-05 17:23:58,916 [main] INFO  [com.netflix.eureka.DefaultEurekaServerContext] DefaultEurekaServerContext.java:70 - Initialized
2019-05-05 17:23:58,975 [main] INFO  [o.s.c.n.e.serviceregistry.EurekaServiceRegistry] EurekaServiceRegistry.java:41 - Registering application DP-EUREKA with eureka with status UP
2019-05-05 17:23:58,977 [Thread-11] INFO  [o.s.c.netflix.eureka.server.EurekaServerBootstrap] EurekaServerBootstrap.java:110 - Setting the eureka configuration..
2019-05-05 17:23:58,977 [Thread-11] INFO  [o.s.c.netflix.eureka.server.EurekaServerBootstrap] EurekaServerBootstrap.java:115 - Eureka data center value eureka.datacenter is not set, defaulting to default
2019-05-05 17:23:58,978 [Thread-11] INFO  [o.s.c.netflix.eureka.server.EurekaServerBootstrap] EurekaServerBootstrap.java:129 - Eureka environment value eureka.environment is not set, defaulting to test
2019-05-05 17:23:58,992 [Thread-11] INFO  [o.s.c.netflix.eureka.server.EurekaServerBootstrap] EurekaServerBootstrap.java:188 - isAws returned false
2019-05-05 17:23:58,992 [Thread-11] INFO  [o.s.c.netflix.eureka.server.EurekaServerBootstrap] EurekaServerBootstrap.java:153 - Initialized server context
2019-05-05 17:23:58,992 [Thread-11] INFO  [c.n.eureka.registry.PeerAwareInstanceRegistryImpl] PeerAwareInstanceRegistryImpl.java:241 - Got 1 instances from neighboring DS node
2019-05-05 17:23:58,992 [Thread-11] INFO  [c.n.eureka.registry.PeerAwareInstanceRegistryImpl] PeerAwareInstanceRegistryImpl.java:242 - Renew threshold is: 1
2019-05-05 17:23:58,992 [Thread-11] INFO  [c.n.eureka.registry.PeerAwareInstanceRegistryImpl] PeerAwareInstanceRegistryImpl.java:253 - Changing status to UP
2019-05-05 17:23:59,007 [Thread-11] INFO  [o.s.c.n.e.s.EurekaServerInitializerConfiguration] EurekaServerInitializerConfiguration.java:74 - Started Eureka Server
2019-05-05 17:23:59,024 [main] INFO  [c.s.j.server.impl.application.WebApplicationImpl] WebApplicationImpl.java:815 - Initiating Jersey application, version 'Jersey: 1.19.1 03/11/2016 02:08 PM'
2019-05-05 17:23:59,051 [main] INFO  [c.n.discovery.provider.DiscoveryJerseyProvider] DiscoveryJerseyProvider.java:70 - Using JSON encoding codec LegacyJacksonJson
2019-05-05 17:23:59,051 [main] INFO  [c.n.discovery.provider.DiscoveryJerseyProvider] DiscoveryJerseyProvider.java:71 - Using JSON decoding codec LegacyJacksonJson
2019-05-05 17:23:59,051 [main] INFO  [c.n.discovery.provider.DiscoveryJerseyProvider] DiscoveryJerseyProvider.java:80 - Using XML encoding codec XStreamXml
2019-05-05 17:23:59,051 [main] INFO  [c.n.discovery.provider.DiscoveryJerseyProvider] DiscoveryJerseyProvider.java:81 - Using XML decoding codec XStreamXml
2019-05-05 17:23:59,223 [main] INFO  [org.xnio] Xnio.java:104 - XNIO version 3.3.8.Final
2019-05-05 17:23:59,231 [main] INFO  [org.xnio.nio] NioXnio.java:55 - XNIO NIO Implementation Version 3.3.8.Final
2019-05-05 17:23:59,271 [main] INFO  [o.s.b.w.embedded.undertow.UndertowServletWebServer] UndertowServletWebServer.java:148 - Undertow started on port(s) 8761 (http) with context path ''
2019-05-05 17:23:59,272 [main] INFO  [o.s.c.n.e.s.EurekaAutoServiceRegistration] EurekaAutoServiceRegistration.java:143 - Updating port to 8761
2019-05-05 17:23:59,273 [main] INFO  [cn.githink.eureka.DpEurekaApplication] StartupInfoLogger.java:59 - Started DpEurekaApplication in 5.703 seconds (JVM running for 6.57)
2019-05-05 17:24:02,994 [Eureka-EvictionTimer] INFO  [c.netflix.eureka.registry.AbstractInstanceRegistry] AbstractInstanceRegistry.java:1250 - Running the evict task with compensationTime 0ms
2019-05-05 17:24:06,994 [Eureka-EvictionTimer] INFO  [c.netflix.eureka.registry.AbstractInstanceRegistry] AbstractInstanceRegistry.java:1250 - Running the evict task with compensationTime 0ms
2019-05-05 17:24:07,696 [XNIO-1 task-1] INFO  [io.undertow.servlet] ServletContextImpl.java:364 - Initializing Spring DispatcherServlet 'dispatcherServlet'
2019-05-05 17:24:07,696 [XNIO-1 task-1] INFO  [org.springframework.web.servlet.DispatcherServlet] FrameworkServlet.java:524 - Initializing Servlet 'dispatcherServlet'
2019-05-05 17:24:07,703 [XNIO-1 task-1] INFO  [org.springframework.web.servlet.DispatcherServlet] FrameworkServlet.java:546 - Completed initialization in 7 ms
2019-05-05 17:24:10,994 [Eureka-EvictionTimer] INFO  [c.netflix.eureka.registry.AbstractInstanceRegistry] AbstractInstanceRegistry.java:1250 - Running the evict task with compensationTime 0ms
2019-05-05 17:24:14,994 [Eureka-EvictionTimer] INFO  [c.netflix.eureka.registry.AbstractInstanceRegistry] AbstractInstanceRegistry.java:1250 - Running the evict task with compensationTime 0ms
2019-05-05 17:24:18,994 [Eureka-EvictionTimer] INFO  [c.netflix.eureka.registry.AbstractInstanceRegistry] AbstractInstanceRegistry.java:1250 - Running the evict task with compensationTime 0ms
2019-05-05 17:24:22,994 [Eureka-EvictionTimer] INFO  [c.netflix.eureka.registry.AbstractInstanceRegistry] AbstractInstanceRegistry.java:1250 - Running the evict task with compensationTime 0ms
2019-05-05 17:24:26,994 [Eureka-EvictionTimer] INFO  [c.netflix.eureka.registry.AbstractInstanceRegistry] AbstractInstanceRegistry.java:1250 - Running the evict task with compensationTime 0ms
2019-05-05 17:24:30,994 [Eureka-EvictionTimer] INFO  [c.netflix.eureka.registry.AbstractInstanceRegistry] AbstractInstanceRegistry.java:1250 - Running the evict task with compensationTime 0ms
2019-05-05 17:24:34,995 [Eureka-EvictionTimer] INFO  [c.netflix.eureka.registry.AbstractInstanceRegistry] AbstractInstanceRegistry.java:1250 - Running the evict task with compensationTime 0ms
2019-05-05 17:24:38,996 [Eureka-EvictionTimer] INFO  [c.netflix.eureka.registry.AbstractInstanceRegistry] AbstractInstanceRegistry.java:1250 - Running the evict task with compensationTime 1ms
2019-05-05 17:24:42,996 [Eureka-EvictionTimer] INFO  [c.netflix.eureka.registry.AbstractInstanceRegistry] AbstractInstanceRegistry.java:1250 - Running the evict task with compensationTime 0ms
2019-05-05 17:24:46,997 [Eureka-EvictionTimer] INFO  [c.netflix.eureka.registry.AbstractInstanceRegistry] AbstractInstanceRegistry.java:1250 - Running the evict task with compensationTime 0ms
2019-05-05 17:24:50,997 [Eureka-EvictionTimer] INFO  [c.netflix.eureka.registry.AbstractInstanceRegistry] AbstractInstanceRegistry.java:1250 - Running the evict task with compensationTime 0ms
2019-05-05 17:24:54,998 [Eureka-EvictionTimer] INFO  [c.netflix.eureka.registry.AbstractInstanceRegistry] AbstractInstanceRegistry.java:1250 - Running the evict task with compensationTime 0ms
2019-05-05 17:24:58,998 [Eureka-EvictionTimer] INFO  [c.netflix.eureka.registry.AbstractInstanceRegistry] AbstractInstanceRegistry.java:1250 - Running the evict task with compensationTime 0ms
2019-05-05 17:25:02,998 [Eureka-EvictionTimer] INFO  [c.netflix.eureka.registry.AbstractInstanceRegistry] AbstractInstanceRegistry.java:1250 - Running the evict task with compensationTime 0ms
2019-05-05 17:25:06,998 [Eureka-EvictionTimer] INFO  [c.netflix.eureka.registry.AbstractInstanceRegistry] AbstractInstanceRegistry.java:1250 - Running the evict task with compensationTime 0ms
2019-05-05 17:25:10,998 [Eureka-EvictionTimer] INFO  [c.netflix.eureka.registry.AbstractInstanceRegistry] AbstractInstanceRegistry.java:1250 - Running the evict task with compensationTime 0ms
2019-05-05 17:25:14,999 [Eureka-EvictionTimer] INFO  [c.netflix.eureka.registry.AbstractInstanceRegistry] AbstractInstanceRegistry.java:1250 - Running the evict task with compensationTime 0ms
2019-05-05 17:25:18,999 [Eureka-EvictionTimer] INFO  [c.netflix.eureka.registry.AbstractInstanceRegistry] AbstractInstanceRegistry.java:1250 - Running the evict task with compensationTime 0ms
2019-05-05 17:25:22,999 [Eureka-EvictionTimer] INFO  [c.netflix.eureka.registry.AbstractInstanceRegistry] AbstractInstanceRegistry.java:1250 - Running the evict task with compensationTime 0ms
2019-05-05 17:25:27,000 [Eureka-EvictionTimer] INFO  [c.netflix.eureka.registry.AbstractInstanceRegistry] AbstractInstanceRegistry.java:1250 - Running the evict task with compensationTime 0ms
2019-05-05 17:25:31,001 [Eureka-EvictionTimer] INFO  [c.netflix.eureka.registry.AbstractInstanceRegistry] AbstractInstanceRegistry.java:1250 - Running the evict task with compensationTime 0ms
2019-05-05 17:25:35,001 [Eureka-EvictionTimer] INFO  [c.netflix.eureka.registry.AbstractInstanceRegistry] AbstractInstanceRegistry.java:1250 - Running the evict task with compensationTime 0ms
2019-05-05 17:25:39,001 [Eureka-EvictionTimer] INFO  [c.netflix.eureka.registry.AbstractInstanceRegistry] AbstractInstanceRegistry.java:1250 - Running the evict task with compensationTime 0ms
2019-05-05 17:25:43,001 [Eureka-EvictionTimer] INFO  [c.netflix.eureka.registry.AbstractInstanceRegistry] AbstractInstanceRegistry.java:1250 - Running the evict task with compensationTime 0ms
2019-05-05 17:25:47,002 [Eureka-EvictionTimer] INFO  [c.netflix.eureka.registry.AbstractInstanceRegistry] AbstractInstanceRegistry.java:1250 - Running the evict task with compensationTime 0ms
2019-05-05 17:25:51,002 [Eureka-EvictionTimer] INFO  [c.netflix.eureka.registry.AbstractInstanceRegistry] AbstractInstanceRegistry.java:1250 - Running the evict task with compensationTime 0ms
2019-05-05 17:25:55,002 [Eureka-EvictionTimer] INFO  [c.netflix.eureka.registry.AbstractInstanceRegistry] AbstractInstanceRegistry.java:1250 - Running the evict task with compensationTime 0ms
2019-05-05 17:25:59,002 [Eureka-EvictionTimer] INFO  [c.netflix.eureka.registry.AbstractInstanceRegistry] AbstractInstanceRegistry.java:1250 - Running the evict task with compensationTime 0ms
2019-05-05 17:26:02,672 [main] INFO  [o.s.c.s.PostProcessorRegistrationDelegate$BeanPostProcessorChecker] PostProcessorRegistrationDelegate.java:330 - Bean 'org.springframework.cloud.autoconfigure.ConfigurationPropertiesRebinderAutoConfiguration' of type [org.springframework.cloud.autoconfigure.ConfigurationPropertiesRebinderAutoConfiguration$$EnhancerBySpringCGLIB$$2992c4fc] is not eligible for getting processed by all BeanPostProcessors (for example: not eligible for auto-proxying)
2019-05-05 17:26:03,222 [main] INFO  [cn.githink.eureka.DpEurekaApplication] SpringApplication.java:675 - No active profile set, falling back to default profiles: default
2019-05-05 17:26:03,780 [main] WARN  [o.springframework.boot.actuate.endpoint.EndpointId] EndpointId.java:135 - Endpoint ID 'service-registry' contains invalid characters, please migrate to a valid format.
2019-05-05 17:26:03,939 [main] INFO  [o.springframework.cloud.context.scope.GenericScope] GenericScope.java:295 - BeanFactory id=e75a6f8f-cacf-3e89-b880-9d3d63c76e78
2019-05-05 17:26:04,004 [main] INFO  [o.s.c.s.PostProcessorRegistrationDelegate$BeanPostProcessorChecker] PostProcessorRegistrationDelegate.java:330 - Bean 'org.springframework.cloud.autoconfigure.ConfigurationPropertiesRebinderAutoConfiguration' of type [org.springframework.cloud.autoconfigure.ConfigurationPropertiesRebinderAutoConfiguration$$EnhancerBySpringCGLIB$$2992c4fc] is not eligible for getting processed by all BeanPostProcessors (for example: not eligible for auto-proxying)
2019-05-05 17:26:04,141 [main] WARN  [io.undertow.websockets.jsr] Bootstrap.java:68 - UT026010: Buffer pool was not set on WebSocketDeploymentInfo, the default pool will be used
2019-05-05 17:26:04,160 [main] INFO  [io.undertow.servlet] ServletContextImpl.java:364 - Initializing Spring embedded WebApplicationContext
2019-05-05 17:26:04,160 [main] INFO  [org.springframework.web.context.ContextLoader] ServletWebServerApplicationContext.java:296 - Root WebApplicationContext: initialization completed in 930 ms
2019-05-05 17:26:04,225 [main] WARN  [com.netflix.config.sources.URLConfigurationSource] URLConfigurationSource.java:121 - No URLs will be polled as dynamic configuration sources.
2019-05-05 17:26:04,225 [main] INFO  [com.netflix.config.sources.URLConfigurationSource] URLConfigurationSource.java:122 - To enable URLs as dynamic configuration sources, define System property archaius.configurationSource.additionalUrls or make config.properties available on classpath.
2019-05-05 17:26:04,234 [main] INFO  [com.netflix.config.DynamicPropertyFactory] DynamicPropertyFactory.java:281 - DynamicPropertyFactory is initialized with configuration sources: com.netflix.config.ConcurrentCompositeConfiguration@b59b7d
2019-05-05 17:26:05,142 [main] INFO  [o.s.b.a.endpoint.web.ServletEndpointRegistrar] ServletEndpointRegistrar.java:78 - Registered '/actuator/jolokia' to jolokia-actuator-endpoint
2019-05-05 17:26:05,324 [main] INFO  [o.s.security.web.DefaultSecurityFilterChain] DefaultSecurityFilterChain.java:43 - Creating filter chain: any request, [org.springframework.security.web.context.request.async.WebAsyncManagerIntegrationFilter@c4c0a, org.springframework.security.web.context.SecurityContextPersistenceFilter@2ad5e2, org.springframework.security.web.header.HeaderWriterFilter@1cb452c, org.springframework.security.web.authentication.logout.LogoutFilter@a9a878, org.springframework.security.web.authentication.www.BasicAuthenticationFilter@1a90d8a, org.springframework.security.web.savedrequest.RequestCacheAwareFilter@48e26a, org.springframework.security.web.servletapi.SecurityContextHolderAwareRequestFilter@f40022, org.springframework.security.web.authentication.AnonymousAuthenticationFilter@1d26ad2, org.springframework.security.web.session.SessionManagementFilter@1aa38be, org.springframework.security.web.access.ExceptionTranslationFilter@10a2638, org.springframework.security.web.access.intercept.FilterSecurityInterceptor@1b3752b]
2019-05-05 17:26:05,332 [main] WARN  [com.netflix.config.sources.URLConfigurationSource] URLConfigurationSource.java:121 - No URLs will be polled as dynamic configuration sources.
2019-05-05 17:26:05,333 [main] INFO  [com.netflix.config.sources.URLConfigurationSource] URLConfigurationSource.java:122 - To enable URLs as dynamic configuration sources, define System property archaius.configurationSource.additionalUrls or make config.properties available on classpath.
2019-05-05 17:26:05,438 [main] INFO  [o.s.scheduling.concurrent.ThreadPoolTaskExecutor] ExecutorConfigurationSupport.java:171 - Initializing ExecutorService 'applicationTaskExecutor'
2019-05-05 17:26:05,682 [main] INFO  [o.s.b.actuate.endpoint.web.EndpointLinksResolver] EndpointLinksResolver.java:59 - Exposing 20 endpoint(s) beneath base path '/actuator'
2019-05-05 17:26:06,328 [main] INFO  [o.s.cloud.netflix.eureka.InstanceInfoFactory] InstanceInfoFactory.java:72 - Setting initial instance status as: STARTING
2019-05-05 17:26:06,345 [main] INFO  [com.netflix.discovery.DiscoveryClient] DiscoveryClient.java:349 - Initializing Eureka in region us-east-1
2019-05-05 17:26:06,345 [main] INFO  [com.netflix.discovery.DiscoveryClient] DiscoveryClient.java:352 - Client configured to neither register nor query for data.
2019-05-05 17:26:06,350 [main] INFO  [com.netflix.discovery.DiscoveryClient] DiscoveryClient.java:365 - Discovery Client initialized at timestamp 1557048366350 with initial instances count: 0
2019-05-05 17:26:06,376 [main] INFO  [com.netflix.eureka.DefaultEurekaServerContext] DefaultEurekaServerContext.java:63 - Initializing ...
2019-05-05 17:26:06,378 [main] INFO  [com.netflix.eureka.cluster.PeerEurekaNodes] PeerEurekaNodes.java:188 - Adding new peer nodes [http://dolphin:dolphin@dp-eureka:8761/eureka/]
2019-05-05 17:26:06,738 [main] INFO  [c.n.discovery.provider.DiscoveryJerseyProvider] DiscoveryJerseyProvider.java:70 - Using JSON encoding codec LegacyJacksonJson
2019-05-05 17:26:06,738 [main] INFO  [c.n.discovery.provider.DiscoveryJerseyProvider] DiscoveryJerseyProvider.java:71 - Using JSON decoding codec LegacyJacksonJson
2019-05-05 17:26:06,739 [main] INFO  [c.n.discovery.provider.DiscoveryJerseyProvider] DiscoveryJerseyProvider.java:80 - Using XML encoding codec XStreamXml
2019-05-05 17:26:06,739 [main] INFO  [c.n.discovery.provider.DiscoveryJerseyProvider] DiscoveryJerseyProvider.java:81 - Using XML decoding codec XStreamXml
2019-05-05 17:26:06,878 [main] INFO  [com.netflix.eureka.cluster.PeerEurekaNodes] PeerEurekaNodes.java:110 - Replica node URL:  http://dolphin:dolphin@dp-eureka:8761/eureka/
2019-05-05 17:26:06,888 [main] INFO  [c.netflix.eureka.registry.AbstractInstanceRegistry] AbstractInstanceRegistry.java:151 - Finished initializing remote region registries. All known remote regions: []
2019-05-05 17:26:06,889 [main] INFO  [com.netflix.eureka.DefaultEurekaServerContext] DefaultEurekaServerContext.java:70 - Initialized
2019-05-05 17:26:06,947 [main] INFO  [o.s.c.n.e.serviceregistry.EurekaServiceRegistry] EurekaServiceRegistry.java:41 - Registering application DP-EUREKA with eureka with status UP
2019-05-05 17:26:06,949 [Thread-11] INFO  [o.s.c.netflix.eureka.server.EurekaServerBootstrap] EurekaServerBootstrap.java:110 - Setting the eureka configuration..
2019-05-05 17:26:06,950 [Thread-11] INFO  [o.s.c.netflix.eureka.server.EurekaServerBootstrap] EurekaServerBootstrap.java:115 - Eureka data center value eureka.datacenter is not set, defaulting to default
2019-05-05 17:26:06,950 [Thread-11] INFO  [o.s.c.netflix.eureka.server.EurekaServerBootstrap] EurekaServerBootstrap.java:129 - Eureka environment value eureka.environment is not set, defaulting to test
2019-05-05 17:26:06,961 [Thread-11] INFO  [o.s.c.netflix.eureka.server.EurekaServerBootstrap] EurekaServerBootstrap.java:188 - isAws returned false
2019-05-05 17:26:06,961 [Thread-11] INFO  [o.s.c.netflix.eureka.server.EurekaServerBootstrap] EurekaServerBootstrap.java:153 - Initialized server context
2019-05-05 17:26:06,962 [Thread-11] INFO  [c.n.eureka.registry.PeerAwareInstanceRegistryImpl] PeerAwareInstanceRegistryImpl.java:241 - Got 1 instances from neighboring DS node
2019-05-05 17:26:06,962 [Thread-11] INFO  [c.n.eureka.registry.PeerAwareInstanceRegistryImpl] PeerAwareInstanceRegistryImpl.java:242 - Renew threshold is: 1
2019-05-05 17:26:06,962 [Thread-11] INFO  [c.n.eureka.registry.PeerAwareInstanceRegistryImpl] PeerAwareInstanceRegistryImpl.java:253 - Changing status to UP
2019-05-05 17:26:06,967 [Thread-11] INFO  [o.s.c.n.e.s.EurekaServerInitializerConfiguration] EurekaServerInitializerConfiguration.java:74 - Started Eureka Server
2019-05-05 17:26:06,980 [main] INFO  [c.s.j.server.impl.application.WebApplicationImpl] WebApplicationImpl.java:815 - Initiating Jersey application, version 'Jersey: 1.19.1 03/11/2016 02:08 PM'
2019-05-05 17:26:07,007 [main] INFO  [c.n.discovery.provider.DiscoveryJerseyProvider] DiscoveryJerseyProvider.java:70 - Using JSON encoding codec LegacyJacksonJson
2019-05-05 17:26:07,008 [main] INFO  [c.n.discovery.provider.DiscoveryJerseyProvider] DiscoveryJerseyProvider.java:71 - Using JSON decoding codec LegacyJacksonJson
2019-05-05 17:26:07,008 [main] INFO  [c.n.discovery.provider.DiscoveryJerseyProvider] DiscoveryJerseyProvider.java:80 - Using XML encoding codec XStreamXml
2019-05-05 17:26:07,008 [main] INFO  [c.n.discovery.provider.DiscoveryJerseyProvider] DiscoveryJerseyProvider.java:81 - Using XML decoding codec XStreamXml
2019-05-05 17:26:07,178 [main] INFO  [org.xnio] Xnio.java:104 - XNIO version 3.3.8.Final
2019-05-05 17:26:07,189 [main] INFO  [org.xnio.nio] NioXnio.java:55 - XNIO NIO Implementation Version 3.3.8.Final
2019-05-05 17:26:07,226 [main] INFO  [o.s.b.w.embedded.undertow.UndertowServletWebServer] UndertowServletWebServer.java:148 - Undertow started on port(s) 8761 (http) with context path ''
2019-05-05 17:26:07,226 [main] INFO  [o.s.c.n.e.s.EurekaAutoServiceRegistration] EurekaAutoServiceRegistration.java:143 - Updating port to 8761
2019-05-05 17:26:07,227 [main] INFO  [cn.githink.eureka.DpEurekaApplication] StartupInfoLogger.java:59 - Started DpEurekaApplication in 5.708 seconds (JVM running for 6.554)
2019-05-05 17:26:10,963 [Eureka-EvictionTimer] INFO  [c.netflix.eureka.registry.AbstractInstanceRegistry] AbstractInstanceRegistry.java:1250 - Running the evict task with compensationTime 0ms
2019-05-05 17:26:14,963 [Eureka-EvictionTimer] INFO  [c.netflix.eureka.registry.AbstractInstanceRegistry] AbstractInstanceRegistry.java:1250 - Running the evict task with compensationTime 0ms
2019-05-05 17:26:15,915 [XNIO-1 task-1] INFO  [io.undertow.servlet] ServletContextImpl.java:364 - Initializing Spring DispatcherServlet 'dispatcherServlet'
2019-05-05 17:26:15,916 [XNIO-1 task-1] INFO  [org.springframework.web.servlet.DispatcherServlet] FrameworkServlet.java:524 - Initializing Servlet 'dispatcherServlet'
2019-05-05 17:26:15,922 [XNIO-1 task-1] INFO  [org.springframework.web.servlet.DispatcherServlet] FrameworkServlet.java:546 - Completed initialization in 6 ms
2019-05-05 17:26:18,964 [Eureka-EvictionTimer] INFO  [c.netflix.eureka.registry.AbstractInstanceRegistry] AbstractInstanceRegistry.java:1250 - Running the evict task with compensationTime 0ms
2019-05-05 17:26:22,965 [Eureka-EvictionTimer] INFO  [c.netflix.eureka.registry.AbstractInstanceRegistry] AbstractInstanceRegistry.java:1250 - Running the evict task with compensationTime 0ms
2019-05-05 17:26:26,966 [Eureka-EvictionTimer] INFO  [c.netflix.eureka.registry.AbstractInstanceRegistry] AbstractInstanceRegistry.java:1250 - Running the evict task with compensationTime 1ms
2019-05-05 17:26:30,966 [Eureka-EvictionTimer] INFO  [c.netflix.eureka.registry.AbstractInstanceRegistry] AbstractInstanceRegistry.java:1250 - Running the evict task with compensationTime 0ms
2019-05-05 17:26:34,966 [Eureka-EvictionTimer] INFO  [c.netflix.eureka.registry.AbstractInstanceRegistry] AbstractInstanceRegistry.java:1250 - Running the evict task with compensationTime 0ms
2019-05-05 17:26:38,967 [Eureka-EvictionTimer] INFO  [c.netflix.eureka.registry.AbstractInstanceRegistry] AbstractInstanceRegistry.java:1250 - Running the evict task with compensationTime 0ms
2019-05-05 17:26:42,968 [Eureka-EvictionTimer] INFO  [c.netflix.eureka.registry.AbstractInstanceRegistry] AbstractInstanceRegistry.java:1250 - Running the evict task with compensationTime 0ms
2019-05-05 17:26:46,969 [Eureka-EvictionTimer] INFO  [c.netflix.eureka.registry.AbstractInstanceRegistry] AbstractInstanceRegistry.java:1250 - Running the evict task with compensationTime 1ms
2019-05-05 17:26:50,969 [Eureka-EvictionTimer] INFO  [c.netflix.eureka.registry.AbstractInstanceRegistry] AbstractInstanceRegistry.java:1250 - Running the evict task with compensationTime 0ms
2019-05-05 17:26:54,970 [Eureka-EvictionTimer] INFO  [c.netflix.eureka.registry.AbstractInstanceRegistry] AbstractInstanceRegistry.java:1250 - Running the evict task with compensationTime 0ms
2019-05-05 17:26:58,970 [Eureka-EvictionTimer] INFO  [c.netflix.eureka.registry.AbstractInstanceRegistry] AbstractInstanceRegistry.java:1250 - Running the evict task with compensationTime 0ms
2019-05-05 17:27:02,970 [Eureka-EvictionTimer] INFO  [c.netflix.eureka.registry.AbstractInstanceRegistry] AbstractInstanceRegistry.java:1250 - Running the evict task with compensationTime 0ms
2019-05-05 17:27:06,970 [Eureka-EvictionTimer] INFO  [c.netflix.eureka.registry.AbstractInstanceRegistry] AbstractInstanceRegistry.java:1250 - Running the evict task with compensationTime 0ms
2019-05-05 17:27:10,971 [Eureka-EvictionTimer] INFO  [c.netflix.eureka.registry.AbstractInstanceRegistry] AbstractInstanceRegistry.java:1250 - Running the evict task with compensationTime 0ms
2019-05-05 17:27:14,971 [Eureka-EvictionTimer] INFO  [c.netflix.eureka.registry.AbstractInstanceRegistry] AbstractInstanceRegistry.java:1250 - Running the evict task with compensationTime 0ms
2019-05-05 17:27:18,971 [Eureka-EvictionTimer] INFO  [c.netflix.eureka.registry.AbstractInstanceRegistry] AbstractInstanceRegistry.java:1250 - Running the evict task with compensationTime 0ms
2019-05-05 17:27:22,971 [Eureka-EvictionTimer] INFO  [c.netflix.eureka.registry.AbstractInstanceRegistry] AbstractInstanceRegistry.java:1250 - Running the evict task with compensationTime 0ms
2019-05-05 17:27:26,972 [Eureka-EvictionTimer] INFO  [c.netflix.eureka.registry.AbstractInstanceRegistry] AbstractInstanceRegistry.java:1250 - Running the evict task with compensationTime 1ms
2019-05-05 17:27:30,973 [Eureka-EvictionTimer] INFO  [c.netflix.eureka.registry.AbstractInstanceRegistry] AbstractInstanceRegistry.java:1250 - Running the evict task with compensationTime 0ms
2019-05-05 17:27:34,973 [Eureka-EvictionTimer] INFO  [c.netflix.eureka.registry.AbstractInstanceRegistry] AbstractInstanceRegistry.java:1250 - Running the evict task with compensationTime 0ms
2019-05-05 17:27:38,973 [Eureka-EvictionTimer] INFO  [c.netflix.eureka.registry.AbstractInstanceRegistry] AbstractInstanceRegistry.java:1250 - Running the evict task with compensationTime 0ms
2019-05-05 17:27:42,973 [Eureka-EvictionTimer] INFO  [c.netflix.eureka.registry.AbstractInstanceRegistry] AbstractInstanceRegistry.java:1250 - Running the evict task with compensationTime 0ms
2019-05-05 17:27:46,974 [Eureka-EvictionTimer] INFO  [c.netflix.eureka.registry.AbstractInstanceRegistry] AbstractInstanceRegistry.java:1250 - Running the evict task with compensationTime 0ms
2019-05-05 17:27:50,974 [Eureka-EvictionTimer] INFO  [c.netflix.eureka.registry.AbstractInstanceRegistry] AbstractInstanceRegistry.java:1250 - Running the evict task with compensationTime 0ms
2019-05-05 17:27:54,974 [Eureka-EvictionTimer] INFO  [c.netflix.eureka.registry.AbstractInstanceRegistry] AbstractInstanceRegistry.java:1250 - Running the evict task with compensationTime 0ms
2019-05-05 17:27:58,974 [Eureka-EvictionTimer] INFO  [c.netflix.eureka.registry.AbstractInstanceRegistry] AbstractInstanceRegistry.java:1250 - Running the evict task with compensationTime 0ms
2019-05-05 17:28:02,975 [Eureka-EvictionTimer] INFO  [c.netflix.eureka.registry.AbstractInstanceRegistry] AbstractInstanceRegistry.java:1250 - Running the evict task with compensationTime 0ms
2019-05-05 17:28:06,976 [Eureka-EvictionTimer] INFO  [c.netflix.eureka.registry.AbstractInstanceRegistry] AbstractInstanceRegistry.java:1250 - Running the evict task with compensationTime 0ms
2019-05-05 17:28:10,977 [Eureka-EvictionTimer] INFO  [c.netflix.eureka.registry.AbstractInstanceRegistry] AbstractInstanceRegistry.java:1250 - Running the evict task with compensationTime 0ms
2019-05-05 17:28:14,978 [Eureka-EvictionTimer] INFO  [c.netflix.eureka.registry.AbstractInstanceRegistry] AbstractInstanceRegistry.java:1250 - Running the evict task with compensationTime 1ms
2019-05-05 17:28:18,979 [Eureka-EvictionTimer] INFO  [c.netflix.eureka.registry.AbstractInstanceRegistry] AbstractInstanceRegistry.java:1250 - Running the evict task with compensationTime 0ms
2019-05-05 17:28:22,979 [Eureka-EvictionTimer] INFO  [c.netflix.eureka.registry.AbstractInstanceRegistry] AbstractInstanceRegistry.java:1250 - Running the evict task with compensationTime 0ms
2019-05-05 17:28:26,980 [Eureka-EvictionTimer] INFO  [c.netflix.eureka.registry.AbstractInstanceRegistry] AbstractInstanceRegistry.java:1250 - Running the evict task with compensationTime 0ms
2019-05-05 17:28:30,980 [Eureka-EvictionTimer] INFO  [c.netflix.eureka.registry.AbstractInstanceRegistry] AbstractInstanceRegistry.java:1250 - Running the evict task with compensationTime 0ms
2019-05-05 17:28:34,980 [Eureka-EvictionTimer] INFO  [c.netflix.eureka.registry.AbstractInstanceRegistry] AbstractInstanceRegistry.java:1250 - Running the evict task with compensationTime 0ms
2019-05-05 17:28:38,981 [Eureka-EvictionTimer] INFO  [c.netflix.eureka.registry.AbstractInstanceRegistry] AbstractInstanceRegistry.java:1250 - Running the evict task with compensationTime 0ms
2019-05-05 17:28:42,981 [Eureka-EvictionTimer] INFO  [c.netflix.eureka.registry.AbstractInstanceRegistry] AbstractInstanceRegistry.java:1250 - Running the evict task with compensationTime 0ms
2019-05-05 17:28:46,981 [Eureka-EvictionTimer] INFO  [c.netflix.eureka.registry.AbstractInstanceRegistry] AbstractInstanceRegistry.java:1250 - Running the evict task with compensationTime 0ms
2019-05-05 17:28:50,982 [Eureka-EvictionTimer] INFO  [c.netflix.eureka.registry.AbstractInstanceRegistry] AbstractInstanceRegistry.java:1250 - Running the evict task with compensationTime 1ms
2019-05-05 17:28:54,982 [Eureka-EvictionTimer] INFO  [c.netflix.eureka.registry.AbstractInstanceRegistry] AbstractInstanceRegistry.java:1250 - Running the evict task with compensationTime 0ms
2019-05-05 17:28:58,982 [Eureka-EvictionTimer] INFO  [c.netflix.eureka.registry.AbstractInstanceRegistry] AbstractInstanceRegistry.java:1250 - Running the evict task with compensationTime 0ms
2019-05-05 17:29:02,983 [Eureka-EvictionTimer] INFO  [c.netflix.eureka.registry.AbstractInstanceRegistry] AbstractInstanceRegistry.java:1250 - Running the evict task with compensationTime 0ms
2019-05-05 17:29:06,984 [Eureka-EvictionTimer] INFO  [c.netflix.eureka.registry.AbstractInstanceRegistry] AbstractInstanceRegistry.java:1250 - Running the evict task with compensationTime 0ms
2019-05-05 17:29:10,985 [Eureka-EvictionTimer] INFO  [c.netflix.eureka.registry.AbstractInstanceRegistry] AbstractInstanceRegistry.java:1250 - Running the evict task with compensationTime 1ms
2019-05-05 17:29:14,986 [Eureka-EvictionTimer] INFO  [c.netflix.eureka.registry.AbstractInstanceRegistry] AbstractInstanceRegistry.java:1250 - Running the evict task with compensationTime 0ms
2019-05-05 17:29:18,986 [Eureka-EvictionTimer] INFO  [c.netflix.eureka.registry.AbstractInstanceRegistry] AbstractInstanceRegistry.java:1250 - Running the evict task with compensationTime 0ms
2019-05-05 17:29:22,986 [Eureka-EvictionTimer] INFO  [c.netflix.eureka.registry.AbstractInstanceRegistry] AbstractInstanceRegistry.java:1250 - Running the evict task with compensationTime 0ms
2019-05-05 17:29:26,986 [Eureka-EvictionTimer] INFO  [c.netflix.eureka.registry.AbstractInstanceRegistry] AbstractInstanceRegistry.java:1250 - Running the evict task with compensationTime 0ms
2019-05-05 17:29:30,986 [Eureka-EvictionTimer] INFO  [c.netflix.eureka.registry.AbstractInstanceRegistry] AbstractInstanceRegistry.java:1250 - Running the evict task with compensationTime 0ms
2019-05-05 17:29:34,987 [Eureka-EvictionTimer] INFO  [c.netflix.eureka.registry.AbstractInstanceRegistry] AbstractInstanceRegistry.java:1250 - Running the evict task with compensationTime 0ms
2019-05-05 17:29:38,987 [Eureka-EvictionTimer] INFO  [c.netflix.eureka.registry.AbstractInstanceRegistry] AbstractInstanceRegistry.java:1250 - Running the evict task with compensationTime 0ms
2019-05-05 17:57:06,280 [main] INFO  [o.s.c.s.PostProcessorRegistrationDelegate$BeanPostProcessorChecker] PostProcessorRegistrationDelegate.java:330 - Bean 'org.springframework.cloud.autoconfigure.ConfigurationPropertiesRebinderAutoConfiguration' of type [org.springframework.cloud.autoconfigure.ConfigurationPropertiesRebinderAutoConfiguration$$EnhancerBySpringCGLIB$$2d4b8007] is not eligible for getting processed by all BeanPostProcessors (for example: not eligible for auto-proxying)
2019-05-05 17:57:06,843 [main] INFO  [o.s.c.c.client.ConfigServicePropertySourceLocator] ConfigServicePropertySourceLocator.java:207 - Fetching config from server at : http://localhost:8888
2019-05-05 17:57:07,917 [main] INFO  [o.s.c.c.client.ConfigServicePropertySourceLocator] ConfigServicePropertySourceLocator.java:230 - Connect Timeout Exception on Url - http://localhost:8888. Will be trying the next url if available
2019-05-05 17:57:07,918 [main] WARN  [o.s.c.c.client.ConfigServicePropertySourceLocator] ConfigServicePropertySourceLocator.java:143 - Could not locate PropertySource: I/O error on GET request for "http://localhost:8888/dp-eureka/default": Connection refused: connect; nested exception is java.net.ConnectException: Connection refused: connect
2019-05-05 17:57:07,921 [main] INFO  [cn.githink.eureka.DpEurekaApplication] SpringApplication.java:675 - No active profile set, falling back to default profiles: default
2019-05-05 17:57:08,477 [main] WARN  [o.springframework.boot.actuate.endpoint.EndpointId] EndpointId.java:135 - Endpoint ID 'service-registry' contains invalid characters, please migrate to a valid format.
2019-05-05 17:57:08,628 [main] INFO  [o.springframework.cloud.context.scope.GenericScope] GenericScope.java:295 - BeanFactory id=b9b6d489-996f-3b41-b41b-91a82c88183e
2019-05-05 17:57:08,691 [main] INFO  [o.s.c.s.PostProcessorRegistrationDelegate$BeanPostProcessorChecker] PostProcessorRegistrationDelegate.java:330 - Bean 'org.springframework.cloud.autoconfigure.ConfigurationPropertiesRebinderAutoConfiguration' of type [org.springframework.cloud.autoconfigure.ConfigurationPropertiesRebinderAutoConfiguration$$EnhancerBySpringCGLIB$$2d4b8007] is not eligible for getting processed by all BeanPostProcessors (for example: not eligible for auto-proxying)
2019-05-05 17:57:08,831 [main] WARN  [io.undertow.websockets.jsr] Bootstrap.java:68 - UT026010: Buffer pool was not set on WebSocketDeploymentInfo, the default pool will be used
2019-05-05 17:57:08,851 [main] INFO  [io.undertow.servlet] ServletContextImpl.java:364 - Initializing Spring embedded WebApplicationContext
2019-05-05 17:57:08,851 [main] INFO  [org.springframework.web.context.ContextLoader] ServletWebServerApplicationContext.java:296 - Root WebApplicationContext: initialization completed in 916 ms
2019-05-05 17:57:08,922 [main] WARN  [com.netflix.config.sources.URLConfigurationSource] URLConfigurationSource.java:121 - No URLs will be polled as dynamic configuration sources.
2019-05-05 17:57:08,923 [main] INFO  [com.netflix.config.sources.URLConfigurationSource] URLConfigurationSource.java:122 - To enable URLs as dynamic configuration sources, define System property archaius.configurationSource.additionalUrls or make config.properties available on classpath.
2019-05-05 17:57:08,929 [main] INFO  [com.netflix.config.DynamicPropertyFactory] DynamicPropertyFactory.java:281 - DynamicPropertyFactory is initialized with configuration sources: com.netflix.config.ConcurrentCompositeConfiguration@10c1968
2019-05-05 17:57:09,846 [main] INFO  [o.s.b.a.endpoint.web.ServletEndpointRegistrar] ServletEndpointRegistrar.java:78 - Registered '/actuator/jolokia' to jolokia-actuator-endpoint
2019-05-05 17:57:10,008 [main] INFO  [o.s.security.web.DefaultSecurityFilterChain] DefaultSecurityFilterChain.java:43 - Creating filter chain: any request, [org.springframework.security.web.context.request.async.WebAsyncManagerIntegrationFilter@1ad8ec0, org.springframework.security.web.context.SecurityContextPersistenceFilter@9e8212, org.springframework.security.web.header.HeaderWriterFilter@33da7a, org.springframework.security.web.authentication.logout.LogoutFilter@1415f5f, org.springframework.security.web.authentication.www.BasicAuthenticationFilter@538eb2, org.springframework.security.web.savedrequest.RequestCacheAwareFilter@ee9aa7, org.springframework.security.web.servletapi.SecurityContextHolderAwareRequestFilter@7045c4, org.springframework.security.web.authentication.AnonymousAuthenticationFilter@dd44f9, org.springframework.security.web.session.SessionManagementFilter@1d0cdb6, org.springframework.security.web.access.ExceptionTranslationFilter@125e9e8, org.springframework.security.web.access.intercept.FilterSecurityInterceptor@fb50f8]
2019-05-05 17:57:10,017 [main] WARN  [com.netflix.config.sources.URLConfigurationSource] URLConfigurationSource.java:121 - No URLs will be polled as dynamic configuration sources.
2019-05-05 17:57:10,017 [main] INFO  [com.netflix.config.sources.URLConfigurationSource] URLConfigurationSource.java:122 - To enable URLs as dynamic configuration sources, define System property archaius.configurationSource.additionalUrls or make config.properties available on classpath.
2019-05-05 17:57:10,118 [main] INFO  [o.s.scheduling.concurrent.ThreadPoolTaskExecutor] ExecutorConfigurationSupport.java:171 - Initializing ExecutorService 'applicationTaskExecutor'
2019-05-05 17:57:10,351 [main] INFO  [o.s.b.actuate.endpoint.web.EndpointLinksResolver] EndpointLinksResolver.java:59 - Exposing 20 endpoint(s) beneath base path '/actuator'
2019-05-05 17:57:11,030 [main] INFO  [o.s.cloud.netflix.eureka.InstanceInfoFactory] InstanceInfoFactory.java:72 - Setting initial instance status as: STARTING
2019-05-05 17:57:11,050 [main] INFO  [com.netflix.discovery.DiscoveryClient] DiscoveryClient.java:349 - Initializing Eureka in region us-east-1
2019-05-05 17:57:11,051 [main] INFO  [com.netflix.discovery.DiscoveryClient] DiscoveryClient.java:352 - Client configured to neither register nor query for data.
2019-05-05 17:57:11,055 [main] INFO  [com.netflix.discovery.DiscoveryClient] DiscoveryClient.java:365 - Discovery Client initialized at timestamp 1557050231054 with initial instances count: 0
2019-05-05 17:57:11,086 [main] INFO  [com.netflix.eureka.DefaultEurekaServerContext] DefaultEurekaServerContext.java:63 - Initializing ...
2019-05-05 17:57:11,087 [main] INFO  [com.netflix.eureka.cluster.PeerEurekaNodes] PeerEurekaNodes.java:188 - Adding new peer nodes [http://dolphin:dolphin@dp-eureka:8761/eureka/]
2019-05-05 17:57:11,460 [main] INFO  [c.n.discovery.provider.DiscoveryJerseyProvider] DiscoveryJerseyProvider.java:70 - Using JSON encoding codec LegacyJacksonJson
2019-05-05 17:57:11,460 [main] INFO  [c.n.discovery.provider.DiscoveryJerseyProvider] DiscoveryJerseyProvider.java:71 - Using JSON decoding codec LegacyJacksonJson
2019-05-05 17:57:11,460 [main] INFO  [c.n.discovery.provider.DiscoveryJerseyProvider] DiscoveryJerseyProvider.java:80 - Using XML encoding codec XStreamXml
2019-05-05 17:57:11,460 [main] INFO  [c.n.discovery.provider.DiscoveryJerseyProvider] DiscoveryJerseyProvider.java:81 - Using XML decoding codec XStreamXml
2019-05-05 17:57:11,600 [main] INFO  [com.netflix.eureka.cluster.PeerEurekaNodes] PeerEurekaNodes.java:110 - Replica node URL:  http://dolphin:dolphin@dp-eureka:8761/eureka/
2019-05-05 17:57:11,606 [main] INFO  [c.netflix.eureka.registry.AbstractInstanceRegistry] AbstractInstanceRegistry.java:151 - Finished initializing remote region registries. All known remote regions: []
2019-05-05 17:57:11,607 [main] INFO  [com.netflix.eureka.DefaultEurekaServerContext] DefaultEurekaServerContext.java:70 - Initialized
2019-05-05 17:57:11,673 [main] INFO  [o.s.c.n.e.serviceregistry.EurekaServiceRegistry] EurekaServiceRegistry.java:41 - Registering application DP-EUREKA with eureka with status UP
2019-05-05 17:57:11,675 [Thread-11] INFO  [o.s.c.netflix.eureka.server.EurekaServerBootstrap] EurekaServerBootstrap.java:110 - Setting the eureka configuration..
2019-05-05 17:57:11,676 [Thread-11] INFO  [o.s.c.netflix.eureka.server.EurekaServerBootstrap] EurekaServerBootstrap.java:115 - Eureka data center value eureka.datacenter is not set, defaulting to default
2019-05-05 17:57:11,676 [Thread-11] INFO  [o.s.c.netflix.eureka.server.EurekaServerBootstrap] EurekaServerBootstrap.java:129 - Eureka environment value eureka.environment is not set, defaulting to test
2019-05-05 17:57:11,687 [Thread-11] INFO  [o.s.c.netflix.eureka.server.EurekaServerBootstrap] EurekaServerBootstrap.java:188 - isAws returned false
2019-05-05 17:57:11,687 [Thread-11] INFO  [o.s.c.netflix.eureka.server.EurekaServerBootstrap] EurekaServerBootstrap.java:153 - Initialized server context
2019-05-05 17:57:11,687 [Thread-11] INFO  [c.n.eureka.registry.PeerAwareInstanceRegistryImpl] PeerAwareInstanceRegistryImpl.java:241 - Got 1 instances from neighboring DS node
2019-05-05 17:57:11,688 [Thread-11] INFO  [c.n.eureka.registry.PeerAwareInstanceRegistryImpl] PeerAwareInstanceRegistryImpl.java:242 - Renew threshold is: 1
2019-05-05 17:57:11,688 [Thread-11] INFO  [c.n.eureka.registry.PeerAwareInstanceRegistryImpl] PeerAwareInstanceRegistryImpl.java:253 - Changing status to UP
2019-05-05 17:57:11,695 [Thread-11] INFO  [o.s.c.n.e.s.EurekaServerInitializerConfiguration] EurekaServerInitializerConfiguration.java:74 - Started Eureka Server
2019-05-05 17:57:11,710 [main] INFO  [c.s.j.server.impl.application.WebApplicationImpl] WebApplicationImpl.java:815 - Initiating Jersey application, version 'Jersey: 1.19.1 03/11/2016 02:08 PM'
2019-05-05 17:57:11,738 [main] INFO  [c.n.discovery.provider.DiscoveryJerseyProvider] DiscoveryJerseyProvider.java:70 - Using JSON encoding codec LegacyJacksonJson
2019-05-05 17:57:11,739 [main] INFO  [c.n.discovery.provider.DiscoveryJerseyProvider] DiscoveryJerseyProvider.java:71 - Using JSON decoding codec LegacyJacksonJson
2019-05-05 17:57:11,739 [main] INFO  [c.n.discovery.provider.DiscoveryJerseyProvider] DiscoveryJerseyProvider.java:80 - Using XML encoding codec XStreamXml
2019-05-05 17:57:11,739 [main] INFO  [c.n.discovery.provider.DiscoveryJerseyProvider] DiscoveryJerseyProvider.java:81 - Using XML decoding codec XStreamXml
2019-05-05 17:57:11,912 [main] INFO  [org.xnio] Xnio.java:104 - XNIO version 3.3.8.Final
2019-05-05 17:57:11,920 [main] INFO  [org.xnio.nio] NioXnio.java:55 - XNIO NIO Implementation Version 3.3.8.Final
2019-05-05 17:57:11,965 [main] INFO  [o.s.b.w.embedded.undertow.UndertowServletWebServer] UndertowServletWebServer.java:148 - Undertow started on port(s) 8761 (http) with context path ''
2019-05-05 17:57:11,965 [main] INFO  [o.s.c.n.e.s.EurekaAutoServiceRegistration] EurekaAutoServiceRegistration.java:143 - Updating port to 8761
2019-05-05 17:57:11,967 [main] INFO  [cn.githink.eureka.DpEurekaApplication] StartupInfoLogger.java:59 - Started DpEurekaApplication in 6.766 seconds (JVM running for 7.566)
2019-05-05 17:57:15,689 [Eureka-EvictionTimer] INFO  [c.netflix.eureka.registry.AbstractInstanceRegistry] AbstractInstanceRegistry.java:1250 - Running the evict task with compensationTime 0ms
2019-05-05 17:57:19,689 [Eureka-EvictionTimer] INFO  [c.netflix.eureka.registry.AbstractInstanceRegistry] AbstractInstanceRegistry.java:1250 - Running the evict task with compensationTime 0ms
2019-05-05 17:57:23,689 [Eureka-EvictionTimer] INFO  [c.netflix.eureka.registry.AbstractInstanceRegistry] AbstractInstanceRegistry.java:1250 - Running the evict task with compensationTime 0ms
2019-05-05 17:57:27,689 [Eureka-EvictionTimer] INFO  [c.netflix.eureka.registry.AbstractInstanceRegistry] AbstractInstanceRegistry.java:1250 - Running the evict task with compensationTime 0ms
2019-05-05 17:57:29,980 [XNIO-1 task-1] INFO  [io.undertow.servlet] ServletContextImpl.java:364 - Initializing Spring DispatcherServlet 'dispatcherServlet'
2019-05-05 17:57:29,981 [XNIO-1 task-1] INFO  [org.springframework.web.servlet.DispatcherServlet] FrameworkServlet.java:524 - Initializing Servlet 'dispatcherServlet'
2019-05-05 17:57:29,987 [XNIO-1 task-1] INFO  [org.springframework.web.servlet.DispatcherServlet] FrameworkServlet.java:546 - Completed initialization in 6 ms
2019-05-05 17:57:30,304 [XNIO-1 task-2] INFO  [c.netflix.eureka.registry.AbstractInstanceRegistry] AbstractInstanceRegistry.java:266 - Registered instance DP-CONFIG/DESKTOP-HDASL68:dp-config:8672 with status UP (replication=false)
2019-05-05 17:57:31,004 [XNIO-1 task-3] INFO  [c.netflix.eureka.registry.AbstractInstanceRegistry] AbstractInstanceRegistry.java:266 - Registered instance DP-CONFIG/DESKTOP-HDASL68:dp-config:8672 with status UP (replication=true)
2019-05-05 17:57:31,689 [Eureka-EvictionTimer] INFO  [c.netflix.eureka.registry.AbstractInstanceRegistry] AbstractInstanceRegistry.java:1250 - Running the evict task with compensationTime 0ms
2019-05-05 17:57:35,689 [Eureka-EvictionTimer] INFO  [c.netflix.eureka.registry.AbstractInstanceRegistry] AbstractInstanceRegistry.java:1250 - Running the evict task with compensationTime 0ms
2019-05-05 17:57:39,690 [Eureka-EvictionTimer] INFO  [c.netflix.eureka.registry.AbstractInstanceRegistry] AbstractInstanceRegistry.java:1250 - Running the evict task with compensationTime 0ms
2019-05-05 17:57:43,690 [Eureka-EvictionTimer] INFO  [c.netflix.eureka.registry.AbstractInstanceRegistry] AbstractInstanceRegistry.java:1250 - Running the evict task with compensationTime 0ms
2019-05-05 17:57:47,691 [Eureka-EvictionTimer] INFO  [c.netflix.eureka.registry.AbstractInstanceRegistry] AbstractInstanceRegistry.java:1250 - Running the evict task with compensationTime 0ms
2019-05-05 17:57:51,691 [Eureka-EvictionTimer] INFO  [c.netflix.eureka.registry.AbstractInstanceRegistry] AbstractInstanceRegistry.java:1250 - Running the evict task with compensationTime 0ms
2019-05-05 17:57:55,692 [Eureka-EvictionTimer] INFO  [c.netflix.eureka.registry.AbstractInstanceRegistry] AbstractInstanceRegistry.java:1250 - Running the evict task with compensationTime 0ms
2019-05-05 17:57:59,693 [Eureka-EvictionTimer] INFO  [c.netflix.eureka.registry.AbstractInstanceRegistry] AbstractInstanceRegistry.java:1250 - Running the evict task with compensationTime 0ms
2019-05-05 17:58:03,693 [Eureka-EvictionTimer] INFO  [c.netflix.eureka.registry.AbstractInstanceRegistry] AbstractInstanceRegistry.java:1250 - Running the evict task with compensationTime 0ms
2019-05-05 17:58:07,693 [Eureka-EvictionTimer] INFO  [c.netflix.eureka.registry.AbstractInstanceRegistry] AbstractInstanceRegistry.java:1250 - Running the evict task with compensationTime 0ms
2019-05-05 17:58:11,694 [Eureka-EvictionTimer] INFO  [c.netflix.eureka.registry.AbstractInstanceRegistry] AbstractInstanceRegistry.java:1250 - Running the evict task with compensationTime 1ms
2019-05-05 17:58:15,694 [Eureka-EvictionTimer] INFO  [c.netflix.eureka.registry.AbstractInstanceRegistry] AbstractInstanceRegistry.java:1250 - Running the evict task with compensationTime 0ms
2019-05-05 17:58:19,694 [Eureka-EvictionTimer] INFO  [c.netflix.eureka.registry.AbstractInstanceRegistry] AbstractInstanceRegistry.java:1250 - Running the evict task with compensationTime 0ms
2019-05-05 17:58:23,695 [Eureka-EvictionTimer] INFO  [c.netflix.eureka.registry.AbstractInstanceRegistry] AbstractInstanceRegistry.java:1250 - Running the evict task with compensationTime 0ms
2019-05-05 17:58:27,695 [Eureka-EvictionTimer] INFO  [c.netflix.eureka.registry.AbstractInstanceRegistry] AbstractInstanceRegistry.java:1250 - Running the evict task with compensationTime 0ms
2019-05-05 17:58:31,696 [Eureka-EvictionTimer] INFO  [c.netflix.eureka.registry.AbstractInstanceRegistry] AbstractInstanceRegistry.java:1250 - Running the evict task with compensationTime 1ms
2019-05-05 17:58:35,696 [Eureka-EvictionTimer] INFO  [c.netflix.eureka.registry.AbstractInstanceRegistry] AbstractInstanceRegistry.java:1250 - Running the evict task with compensationTime 0ms
2019-05-05 17:58:39,696 [Eureka-EvictionTimer] INFO  [c.netflix.eureka.registry.AbstractInstanceRegistry] AbstractInstanceRegistry.java:1250 - Running the evict task with compensationTime 0ms
